<?xml version="1.0" encoding="utf-8"?>
<coverage line-rate="0.7040000000000001" branch-rate="0.47350000000000003" version="1.9" timestamp="1783655142" lines-covered="3167" lines-valid="4498" branches-covered="843" branches-valid="1780">
  <sources>
    <source>/home/JacobSeed/Desktop/Promise-Model-Online/PromiseModelOnline.Api/</source>
  </sources>
  <packages>
    <package name="PromiseModelOnline.Api" line-rate="0.7040000000000001" branch-rate="0.47350000000000003" complexity="1948">
      <classes>
        <class name="PromiseModelOnline.Api.Mappers.CommentMapper" filename="Mappers/CommentMapper.cs" line-rate="1" branch-rate="0.5" complexity="12">
          <methods>
            <method name="Map" signature="(PromiseModelOnline.Api.Models.Comment,PromiseModelOnline.Api.BusinessLogic.Interfaces.IGenericService`1&lt;PromiseModelOnline.Api.Models.Comment&gt;)" line-rate="1" branch-rate="0.5" complexity="12">
              <lines>
                <line number="18" hits="1" branch="True" condition-coverage="50% (6/12)">
                  <conditions>
                    <condition number="72" type="jump" coverage="50%" />
                    <condition number="84" type="jump" coverage="50%" />
                    <condition number="119" type="jump" coverage="50%" />
                    <condition number="167" type="jump" coverage="50%" />
                    <condition number="189" type="jump" coverage="50%" />
                    <condition number="218" type="jump" coverage="50%" />
                  </conditions>
                </line>
                <line number="19" hits="1" branch="False" />
                <line number="20" hits="1" branch="False" />
                <line number="21" hits="1" branch="False" />
                <line number="22" hits="1" branch="False" />
                <line number="23" hits="1" branch="False" />
                <line number="24" hits="1" branch="False" />
                <line number="25" hits="1" branch="False" />
                <line number="26" hits="1" branch="False" />
                <line number="27" hits="1" branch="False" />
                <line number="28" hits="1" branch="False" />
                <line number="29" hits="1" branch="False" />
                <line number="30" hits="1" branch="False" />
                <line number="31" hits="1" branch="False" />
              </lines>
            </method>
          </methods>
          <lines>
            <line number="18" hits="1" branch="True" condition-coverage="50% (6/12)">
              <conditions>
                <condition number="72" type="jump" coverage="50%" />
                <condition number="84" type="jump" coverage="50%" />
                <condition number="119" type="jump" coverage="50%" />
                <condition number="167" type="jump" coverage="50%" />
                <condition number="189" type="jump" coverage="50%" />
                <condition number="218" type="jump" coverage="50%" />
              </conditions>
            </line>
            <line number="19" hits="1" branch="False" />
            <line number="20" hits="1" branch="False" />
            <line number="21" hits="1" branch="False" />
            <line number="22" hits="1" branch="False" />
            <line number="23" hits="1" branch="False" />
            <line number="24" hits="1" branch="False" />
            <line number="25" hits="1" branch="False" />
            <line number="26" hits="1" branch="False" />
            <line number="27" hits="1" branch="False" />
            <line number="28" hits="1" branch="False" />
            <line number="29" hits="1" branch="False" />
            <line number="30" hits="1" branch="False" />
            <line number="31" hits="1" branch="False" />
          </lines>
        </class>
        <class name="PromiseModelOnline.Api.Mappers.GenericMapper`2" filename="Mappers/GenericMapper.cs" line-rate="1" branch-rate="0.8845999999999999" complexity="26">
          <methods>
            <method name="Map" signature="(TSource,PromiseModelOnline.Api.BusinessLogic.Interfaces.IGenericService`1&lt;TSource&gt;)" line-rate="1" branch-rate="0.8845999999999999" complexity="26">
              <lines>
                <line number="29" hits="55" branch="False" />
                <line number="30" hits="55" branch="False" />
                <line number="31" hits="55" branch="False" />
                <line number="32" hits="55" branch="False" />
                <line number="33" hits="1901" branch="True" condition-coverage="100% (2/2)">
                  <conditions>
                    <condition number="162" type="jump" coverage="100%" />
                  </conditions>
                </line>
                <line number="34" hits="868" branch="False" />
                <line number="35" hits="868" branch="False" />
                <line number="36" hits="868" branch="True" condition-coverage="100% (4/4)">
                  <conditions>
                    <condition number="97" type="jump" coverage="100%" />
                    <condition number="113" type="jump" coverage="100%" />
                  </conditions>
                </line>
                <line number="37" hits="623" branch="False" />
                <line number="38" hits="623" branch="False" />
                <line number="39" hits="623" branch="False" />
                <line number="40" hits="868" branch="False" />
                <line number="42" hits="55" branch="True" condition-coverage="100% (4/4)">
                  <conditions>
                    <condition number="177" type="jump" coverage="100%" />
                    <condition number="204" type="jump" coverage="100%" />
                  </conditions>
                </line>
                <line number="43" hits="13" branch="False" />
                <line number="44" hits="13" branch="True" condition-coverage="75% (3/4)">
                  <conditions>
                    <condition number="216" type="jump" coverage="50%" />
                    <condition number="230" type="jump" coverage="100%" />
                  </conditions>
                </line>
                <line number="45" hits="13" branch="False" />
                <line number="46" hits="13" branch="False" />
                <line number="47" hits="13" branch="False" />
                <line number="48" hits="13" branch="False" />
                <line number="49" hits="13" branch="False" />
                <line number="50" hits="13" branch="False" />
                <line number="51" hits="13" branch="False" />
                <line number="52" hits="13" branch="False" />
                <line number="53" hits="13" branch="False" />
                <line number="54" hits="13" branch="False" />
                <line number="55" hits="13" branch="False" />
                <line number="56" hits="13" branch="False" />
                <line number="57" hits="13" branch="False" />
                <line number="59" hits="55" branch="True" condition-coverage="100% (4/4)">
                  <conditions>
                    <condition number="287" type="jump" coverage="100%" />
                    <condition number="314" type="jump" coverage="100%" />
                  </conditions>
                </line>
                <line number="60" hits="5" branch="False" />
                <line number="61" hits="5" branch="True" condition-coverage="50% (2/4)">
                  <conditions>
                    <condition number="327" type="jump" coverage="50%" />
                    <condition number="339" type="jump" coverage="50%" />
                  </conditions>
                </line>
                <line number="62" hits="5" branch="False" />
                <line number="64" hits="55" branch="True" condition-coverage="100% (4/4)">
                  <conditions>
                    <condition number="369" type="jump" coverage="100%" />
                    <condition number="396" type="jump" coverage="100%" />
                  </conditions>
                </line>
                <line number="65" hits="1" branch="False" />
                <line number="66" hits="1" branch="False" />
                <line number="67" hits="1" branch="False" />
                <line number="68" hits="55" branch="False" />
                <line number="69" hits="55" branch="False" />
              </lines>
            </method>
          </methods>
          <lines>
            <line number="29" hits="55" branch="False" />
            <line number="30" hits="55" branch="False" />
            <line number="31" hits="55" branch="False" />
            <line number="32" hits="55" branch="False" />
            <line number="33" hits="1901" branch="True" condition-coverage="100% (2/2)">
              <conditions>
                <condition number="162" type="jump" coverage="100%" />
              </conditions>
            </line>
            <line number="34" hits="868" branch="False" />
            <line number="35" hits="868" branch="False" />
            <line number="36" hits="868" branch="True" condition-coverage="100% (4/4)">
              <conditions>
                <condition number="97" type="jump" coverage="100%" />
                <condition number="113" type="jump" coverage="100%" />
              </conditions>
            </line>
            <line number="37" hits="623" branch="False" />
            <line number="38" hits="623" branch="False" />
            <line number="39" hits="623" branch="False" />
            <line number="40" hits="868" branch="False" />
            <line number="42" hits="55" branch="True" condition-coverage="100% (4/4)">
              <conditions>
                <condition number="177" type="jump" coverage="100%" />
                <condition number="204" type="jump" coverage="100%" />
              </conditions>
            </line>
            <line number="43" hits="13" branch="False" />
            <line number="44" hits="13" branch="True" condition-coverage="75% (3/4)">
              <conditions>
                <condition number="216" type="jump" coverage="50%" />
                <condition number="230" type="jump" coverage="100%" />
              </conditions>
            </line>
            <line number="45" hits="13" branch="False" />
            <line number="46" hits="13" branch="False" />
            <line number="47" hits="13" branch="False" />
            <line number="48" hits="13" branch="False" />
            <line number="49" hits="13" branch="False" />
            <line number="50" hits="13" branch="False" />
            <line number="51" hits="13" branch="False" />
            <line number="52" hits="13" branch="False" />
            <line number="53" hits="13" branch="False" />
            <line number="54" hits="13" branch="False" />
            <line number="55" hits="13" branch="False" />
            <line number="56" hits="13" branch="False" />
            <line number="57" hits="13" branch="False" />
            <line number="59" hits="55" branch="True" condition-coverage="100% (4/4)">
              <conditions>
                <condition number="287" type="jump" coverage="100%" />
                <condition number="314" type="jump" coverage="100%" />
              </conditions>
            </line>
            <line number="60" hits="5" branch="False" />
            <line number="61" hits="5" branch="True" condition-coverage="50% (2/4)">
              <conditions>
                <condition number="327" type="jump" coverage="50%" />
                <condition number="339" type="jump" coverage="50%" />
              </conditions>
            </line>
            <line number="62" hits="5" branch="False" />
            <line number="64" hits="55" branch="True" condition-coverage="100% (4/4)">
              <conditions>
                <condition number="369" type="jump" coverage="100%" />
                <condition number="396" type="jump" coverage="100%" />
              </conditions>
            </line>
            <line number="65" hits="1" branch="False" />
            <line number="66" hits="1" branch="False" />
            <line number="67" hits="1" branch="False" />
            <line number="68" hits="55" branch="False" />
            <line number="69" hits="55" branch="False" />
          </lines>
        </class>
        <class name="PromiseModelOnline.Api.Mappers.PermissionMapper" filename="Mappers/PermissionMapper.cs" line-rate="1" branch-rate="0.5" complexity="4">
          <methods>
            <method name="Map" signature="(PromiseModelOnline.Api.Models.Permission,PromiseModelOnline.Api.BusinessLogic.Interfaces.IGenericService`1&lt;PromiseModelOnline.Api.Models.Permission&gt;)" line-rate="1" branch-rate="0.5" complexity="4">
              <lines>
                <line number="15" hits="2" branch="True" condition-coverage="50% (2/4)">
                  <conditions>
                    <condition number="39" type="jump" coverage="50%" />
                    <condition number="51" type="jump" coverage="50%" />
                  </conditions>
                </line>
                <line number="16" hits="2" branch="False" />
                <line number="17" hits="2" branch="False" />
                <line number="18" hits="2" branch="False" />
                <line number="19" hits="2" branch="False" />
                <line number="20" hits="2" branch="False" />
                <line number="21" hits="2" branch="False" />
                <line number="22" hits="2" branch="False" />
                <line number="23" hits="2" branch="False" />
              </lines>
            </method>
          </methods>
          <lines>
            <line number="15" hits="2" branch="True" condition-coverage="50% (2/4)">
              <conditions>
                <condition number="39" type="jump" coverage="50%" />
                <condition number="51" type="jump" coverage="50%" />
              </conditions>
            </line>
            <line number="16" hits="2" branch="False" />
            <line number="17" hits="2" branch="False" />
            <line number="18" hits="2" branch="False" />
            <line number="19" hits="2" branch="False" />
            <line number="20" hits="2" branch="False" />
            <line number="21" hits="2" branch="False" />
            <line number="22" hits="2" branch="False" />
            <line number="23" hits="2" branch="False" />
          </lines>
        </class>
        <class name="PromiseModelOnline.Api.Hubs.NotificationHub/&lt;OnConnectedAsync&gt;d__0" filename="Hubs/NotificationHub.cs" line-rate="0" branch-rate="0" complexity="12">
          <methods>
            <method name="MoveNext" signature="()" line-rate="0" branch-rate="0" complexity="12">
              <lines>
                <line number="17" hits="0" branch="False" />
                <line number="18" hits="0" branch="True" condition-coverage="0% (0/10)">
                  <conditions>
                    <condition number="47" type="jump" coverage="0%" />
                    <condition number="64" type="jump" coverage="0%" />
                    <condition number="76" type="jump" coverage="0%" />
                    <condition number="96" type="jump" coverage="0%" />
                    <condition number="113" type="jump" coverage="0%" />
                  </conditions>
                </line>
                <line number="19" hits="0" branch="False" />
                <line number="21" hits="0" branch="True" condition-coverage="0% (0/2)">
                  <conditions>
                    <condition number="145" type="jump" coverage="0%" />
                  </conditions>
                </line>
                <line number="22" hits="0" branch="False" />
                <line number="23" hits="0" branch="False" />
                <line number="24" hits="0" branch="False" />
                <line number="25" hits="0" branch="False" />
                <line number="26" hits="0" branch="False" />
                <line number="27" hits="0" branch="False" />
                <line number="28" hits="0" branch="False" />
                <line number="29" hits="0" branch="False" />
              </lines>
            </method>
          </methods>
          <lines>
            <line number="17" hits="0" branch="False" />
            <line number="18" hits="0" branch="True" condition-coverage="0% (0/10)">
              <conditions>
                <condition number="47" type="jump" coverage="0%" />
                <condition number="64" type="jump" coverage="0%" />
                <condition number="76" type="jump" coverage="0%" />
                <condition number="96" type="jump" coverage="0%" />
                <condition number="113" type="jump" coverage="0%" />
              </conditions>
            </line>
            <line number="19" hits="0" branch="False" />
            <line number="21" hits="0" branch="True" condition-coverage="0% (0/2)">
              <conditions>
                <condition number="145" type="jump" coverage="0%" />
              </conditions>
            </line>
            <line number="22" hits="0" branch="False" />
            <line number="23" hits="0" branch="False" />
            <line number="24" hits="0" branch="False" />
            <line number="25" hits="0" branch="False" />
            <line number="26" hits="0" branch="False" />
            <line number="27" hits="0" branch="False" />
            <line number="28" hits="0" branch="False" />
            <line number="29" hits="0" branch="False" />
          </lines>
        </class>
        <class name="PromiseModelOnline.Api.Hubs.NotificationHub/&lt;OnDisconnectedAsync&gt;d__1" filename="Hubs/NotificationHub.cs" line-rate="0" branch-rate="0" complexity="12">
          <methods>
            <method name="MoveNext" signature="()" line-rate="0" branch-rate="0" complexity="12">
              <lines>
                <line number="33" hits="0" branch="False" />
                <line number="34" hits="0" branch="True" condition-coverage="0% (0/10)">
                  <conditions>
                    <condition number="47" type="jump" coverage="0%" />
                    <condition number="64" type="jump" coverage="0%" />
                    <condition number="76" type="jump" coverage="0%" />
                    <condition number="96" type="jump" coverage="0%" />
                    <condition number="113" type="jump" coverage="0%" />
                  </conditions>
                </line>
                <line number="35" hits="0" branch="False" />
                <line number="37" hits="0" branch="True" condition-coverage="0% (0/2)">
                  <conditions>
                    <condition number="145" type="jump" coverage="0%" />
                  </conditions>
                </line>
                <line number="38" hits="0" branch="False" />
                <line number="39" hits="0" branch="False" />
                <line number="40" hits="0" branch="False" />
                <line number="41" hits="0" branch="False" />
                <line number="42" hits="0" branch="False" />
                <line number="43" hits="0" branch="False" />
                <line number="45" hits="0" branch="False" />
                <line number="46" hits="0" branch="False" />
              </lines>
            </method>
          </methods>
          <lines>
            <line number="33" hits="0" branch="False" />
            <line number="34" hits="0" branch="True" condition-coverage="0% (0/10)">
              <conditions>
                <condition number="47" type="jump" coverage="0%" />
                <condition number="64" type="jump" coverage="0%" />
                <condition number="76" type="jump" coverage="0%" />
                <condition number="96" type="jump" coverage="0%" />
                <condition number="113" type="jump" coverage="0%" />
              </conditions>
            </line>
            <line number="35" hits="0" branch="False" />
            <line number="37" hits="0" branch="True" condition-coverage="0% (0/2)">
              <conditions>
                <condition number="145" type="jump" coverage="0%" />
              </conditions>
            </line>
            <line number="38" hits="0" branch="False" />
            <line number="39" hits="0" branch="False" />
            <line number="40" hits="0" branch="False" />
            <line number="41" hits="0" branch="False" />
            <line number="42" hits="0" branch="False" />
            <line number="43" hits="0" branch="False" />
            <line number="45" hits="0" branch="False" />
            <line number="46" hits="0" branch="False" />
          </lines>
        </class>
        <class name="PromiseModelOnline.Api.Filters.AuditLoggingActionFilter" filename="Filters/AuditLoggingActionFilter.cs" line-rate="1" branch-rate="1" complexity="2">
          <methods>
            <method name=".ctor" signature="(Microsoft.Extensions.Logging.ILogger`1&lt;PromiseModelOnline.Api.Filters.AuditLoggingActionFilter&gt;)" line-rate="1" branch-rate="1" complexity="1">
              <lines>
                <line number="19" hits="184" branch="False" />
                <line number="26" hits="184" branch="False" />
              </lines>
            </method>
            <method name=".cctor" signature="()" line-rate="1" branch-rate="1" complexity="1">
              <lines>
                <line number="21" hits="1" branch="False" />
                <line number="22" hits="1" branch="False" />
                <line number="23" hits="1" branch="False" />
                <line number="24" hits="1" branch="False" />
              </lines>
            </method>
          </methods>
          <lines>
            <line number="19" hits="184" branch="False" />
            <line number="26" hits="184" branch="False" />
            <line number="21" hits="1" branch="False" />
            <line number="22" hits="1" branch="False" />
            <line number="23" hits="1" branch="False" />
            <line number="24" hits="1" branch="False" />
          </lines>
        </class>
        <class name="PromiseModelOnline.Api.Filters.AuditLoggingActionFilter/&lt;OnActionExecutionAsync&gt;d__3" filename="Filters/AuditLoggingActionFilter.cs" line-rate="0.9375" branch-rate="0.5333" complexity="30">
          <methods>
            <method name="MoveNext" signature="()" line-rate="0.9375" branch-rate="0.5333" complexity="30">
              <lines>
                <line number="30" hits="182" branch="False" />
                <line number="31" hits="182" branch="False" />
                <line number="32" hits="182" branch="True" condition-coverage="100% (2/2)">
                  <conditions>
                    <condition number="74" type="jump" coverage="100%" />
                  </conditions>
                </line>
                <line number="33" hits="75" branch="False" />
                <line number="34" hits="75" branch="False" />
                <line number="35" hits="75" branch="False" />
                <line number="38" hits="107" branch="False" />
                <line number="40" hits="107" branch="False" />
                <line number="41" hits="107" branch="True" condition-coverage="66.66% (4/6)">
                  <conditions>
                    <condition number="234" type="jump" coverage="50%" />
                    <condition number="246" type="jump" coverage="100%" />
                    <condition number="266" type="jump" coverage="50%" />
                  </conditions>
                </line>
                <line number="42" hits="107" branch="False" />
                <line number="43" hits="107" branch="True" condition-coverage="33.33% (2/6)">
                  <conditions>
                    <condition number="300" type="jump" coverage="50%" />
                    <condition number="312" type="jump" coverage="50%" />
                    <condition number="332" type="jump" coverage="0%" />
                  </conditions>
                </line>
                <line number="44" hits="107" branch="False" />
                <line number="46" hits="107" branch="True" condition-coverage="50% (2/4)">
                  <conditions>
                    <condition number="381" type="jump" coverage="50%" />
                    <condition number="393" type="jump" coverage="50%" />
                  </conditions>
                </line>
                <line number="47" hits="107" branch="False" />
                <line number="48" hits="107" branch="True" condition-coverage="50% (2/4)">
                  <conditions>
                    <condition number="442" type="jump" coverage="50%" />
                    <condition number="454" type="jump" coverage="50%" />
                  </conditions>
                </line>
                <line number="49" hits="107" branch="False" />
                <line number="51" hits="107" branch="False" />
                <line number="52" hits="107" branch="False" />
                <line number="53" hits="107" branch="False" />
                <line number="54" hits="107" branch="False" />
                <line number="56" hits="107" branch="False" />
                <line number="58" hits="107" branch="True" condition-coverage="50% (2/4)">
                  <conditions>
                    <condition number="734" type="jump" coverage="50%" />
                    <condition number="757" type="jump" coverage="50%" />
                  </conditions>
                </line>
                <line number="59" hits="0" branch="False" />
                <line number="61" hits="107" branch="False" />
                <line number="62" hits="107" branch="True" condition-coverage="50% (2/4)">
                  <conditions>
                    <condition number="802" type="jump" coverage="50%" />
                    <condition number="827" type="jump" coverage="50%" />
                  </conditions>
                </line>
                <line number="63" hits="0" branch="False" />
                <line number="65" hits="107" branch="False" />
                <line number="66" hits="107" branch="False" />
                <line number="67" hits="107" branch="False" />
                <line number="68" hits="107" branch="False" />
                <line number="69" hits="107" branch="False" />
                <line number="70" hits="182" branch="False" />
              </lines>
            </method>
          </methods>
          <lines>
            <line number="30" hits="182" branch="False" />
            <line number="31" hits="182" branch="False" />
            <line number="32" hits="182" branch="True" condition-coverage="100% (2/2)">
              <conditions>
                <condition number="74" type="jump" coverage="100%" />
              </conditions>
            </line>
            <line number="33" hits="75" branch="False" />
            <line number="34" hits="75" branch="False" />
            <line number="35" hits="75" branch="False" />
            <line number="38" hits="107" branch="False" />
            <line number="40" hits="107" branch="False" />
            <line number="41" hits="107" branch="True" condition-coverage="66.66% (4/6)">
              <conditions>
                <condition number="234" type="jump" coverage="50%" />
                <condition number="246" type="jump" coverage="100%" />
                <condition number="266" type="jump" coverage="50%" />
              </conditions>
            </line>
            <line number="42" hits="107" branch="False" />
            <line number="43" hits="107" branch="True" condition-coverage="33.33% (2/6)">
              <conditions>
                <condition number="300" type="jump" coverage="50%" />
                <condition number="312" type="jump" coverage="50%" />
                <condition number="332" type="jump" coverage="0%" />
              </conditions>
            </line>
            <line number="44" hits="107" branch="False" />
            <line number="46" hits="107" branch="True" condition-coverage="50% (2/4)">
              <conditions>
                <condition number="381" type="jump" coverage="50%" />
                <condition number="393" type="jump" coverage="50%" />
              </conditions>
            </line>
            <line number="47" hits="107" branch="False" />
            <line number="48" hits="107" branch="True" condition-coverage="50% (2/4)">
              <conditions>
                <condition number="442" type="jump" coverage="50%" />
                <condition number="454" type="jump" coverage="50%" />
              </conditions>
            </line>
            <line number="49" hits="107" branch="False" />
            <line number="51" hits="107" branch="False" />
            <line number="52" hits="107" branch="False" />
            <line number="53" hits="107" branch="False" />
            <line number="54" hits="107" branch="False" />
            <line number="56" hits="107" branch="False" />
            <line number="58" hits="107" branch="True" condition-coverage="50% (2/4)">
              <conditions>
                <condition number="734" type="jump" coverage="50%" />
                <condition number="757" type="jump" coverage="50%" />
              </conditions>
            </line>
            <line number="59" hits="0" branch="False" />
            <line number="61" hits="107" branch="False" />
            <line number="62" hits="107" branch="True" condition-coverage="50% (2/4)">
              <conditions>
                <condition number="802" type="jump" coverage="50%" />
                <condition number="827" type="jump" coverage="50%" />
              </conditions>
            </line>
            <line number="63" hits="0" branch="False" />
            <line number="65" hits="107" branch="False" />
            <line number="66" hits="107" branch="False" />
            <line number="67" hits="107" branch="False" />
            <line number="68" hits="107" branch="False" />
            <line number="69" hits="107" branch="False" />
            <line number="70" hits="182" branch="False" />
          </lines>
        </class>
        <class name="PromiseModelOnline.Api.DAL.CommentRepository" filename="DAL/CommentRepository.cs" line-rate="0.8887999999999999" branch-rate="0.5" complexity="5">
          <methods>
            <method name="ParseEntityReference" signature="(System.String)" line-rate="0.875" branch-rate="0.5" complexity="4">
              <lines>
                <line number="202" hits="1" branch="False" />
                <line number="203" hits="1" branch="False" />
                <line number="204" hits="1" branch="False" />
                <line number="205" hits="1" branch="False" />
                <line number="206" hits="1" branch="False" />
                <line number="207" hits="1" branch="False" />
                <line number="209" hits="1" branch="True" condition-coverage="50% (1/2)">
                  <conditions>
                    <condition number="29" type="jump" coverage="50%" />
                  </conditions>
                </line>
                <line number="210" hits="0" branch="False" />
                <line number="212" hits="1" branch="False" />
                <line number="213" hits="1" branch="False" />
                <line number="214" hits="1" branch="False" />
                <line number="215" hits="1" branch="False" />
                <line number="217" hits="1" branch="True" condition-coverage="50% (1/2)">
                  <conditions>
                    <condition number="112" type="jump" coverage="50%" />
                  </conditions>
                </line>
                <line number="218" hits="0" branch="False" />
                <line number="220" hits="1" branch="False" />
                <line number="221" hits="1" branch="False" />
              </lines>
            </method>
            <method name=".ctor" signature="(PromiseModelOnline.Api.DAL.PromiseModelOnlineContext)" line-rate="1" branch-rate="1" complexity="1">
              <lines>
                <line number="21" hits="13" branch="False" />
                <line number="23" hits="13" branch="False" />
              </lines>
            </method>
          </methods>
          <lines>
            <line number="202" hits="1" branch="False" />
            <line number="203" hits="1" branch="False" />
            <line number="204" hits="1" branch="False" />
            <line number="205" hits="1" branch="False" />
            <line number="206" hits="1" branch="False" />
            <line number="207" hits="1" branch="False" />
            <line number="209" hits="1" branch="True" condition-coverage="50% (1/2)">
              <conditions>
                <condition number="29" type="jump" coverage="50%" />
              </conditions>
            </line>
            <line number="210" hits="0" branch="False" />
            <line number="212" hits="1" branch="False" />
            <line number="213" hits="1" branch="False" />
            <line number="214" hits="1" branch="False" />
            <line number="215" hits="1" branch="False" />
            <line number="217" hits="1" branch="True" condition-coverage="50% (1/2)">
              <conditions>
                <condition number="112" type="jump" coverage="50%" />
              </conditions>
            </line>
            <line number="218" hits="0" branch="False" />
            <line number="220" hits="1" branch="False" />
            <line number="221" hits="1" branch="False" />
            <line number="21" hits="13" branch="False" />
            <line number="23" hits="13" branch="False" />
          </lines>
        </class>
        <class name="PromiseModelOnline.Api.DAL.CommentRepository/&lt;AddCommentAsync&gt;d__3" filename="DAL/CommentRepository.cs" line-rate="1" branch-rate="1" complexity="1">
          <methods>
            <method name="MoveNext" signature="()" line-rate="1" branch-rate="1" complexity="1">
              <lines>
                <line number="64" hits="1" branch="False" />
                <line number="65" hits="1" branch="False" />
                <line number="66" hits="1" branch="False" />
                <line number="67" hits="1" branch="False" />
              </lines>
            </method>
          </methods>
          <lines>
            <line number="64" hits="1" branch="False" />
            <line number="65" hits="1" branch="False" />
            <line number="66" hits="1" branch="False" />
            <line number="67" hits="1" branch="False" />
          </lines>
        </class>
        <class name="PromiseModelOnline.Api.DAL.CommentRepository/&lt;AddMentionAsync&gt;d__4" filename="DAL/CommentRepository.cs" line-rate="0" branch-rate="1" complexity="1">
          <methods>
            <method name="MoveNext" signature="()" line-rate="0" branch-rate="1" complexity="1">
              <lines>
                <line number="73" hits="0" branch="False" />
                <line number="74" hits="0" branch="False" />
                <line number="75" hits="0" branch="False" />
                <line number="76" hits="0" branch="False" />
              </lines>
            </method>
          </methods>
          <lines>
            <line number="73" hits="0" branch="False" />
            <line number="74" hits="0" branch="False" />
            <line number="75" hits="0" branch="False" />
            <line number="76" hits="0" branch="False" />
          </lines>
        </class>
        <class name="PromiseModelOnline.Api.DAL.CommentRepository/&lt;GetCommentsForEntityAsync&gt;d__2" filename="DAL/CommentRepository.cs" line-rate="0.7726999999999999" branch-rate="0.5" complexity="10">
          <methods>
            <method name="MoveNext" signature="()" line-rate="0.7726999999999999" branch-rate="0.5" complexity="10">
              <lines>
                <line number="31" hits="2" branch="False" />
                <line number="32" hits="2" branch="False" />
                <line number="33" hits="2" branch="False" />
                <line number="34" hits="2" branch="False" />
                <line number="35" hits="2" branch="False" />
                <line number="36" hits="2" branch="False" />
                <line number="37" hits="2" branch="False" />
                <line number="38" hits="2" branch="False" />
                <line number="39" hits="2" branch="False" />
                <line number="40" hits="2" branch="False" />
                <line number="41" hits="2" branch="False" />
                <line number="43" hits="2" branch="True" condition-coverage="50% (5/10)">
                  <conditions>
                    <condition number="701" type="jump" coverage="50%" />
                    <condition number="715" type="jump" coverage="50%" />
                    <condition number="732" type="jump" coverage="50%" />
                    <condition number="749" type="jump" coverage="50%" />
                    <condition number="766" type="jump" coverage="50%" />
                  </conditions>
                </line>
                <line number="44" hits="2" branch="False" />
                <line number="45" hits="0" branch="False" />
                <line number="46" hits="0" branch="False" />
                <line number="47" hits="0" branch="False" />
                <line number="48" hits="0" branch="False" />
                <line number="49" hits="2" branch="False" />
                <line number="50" hits="0" branch="False" />
                <line number="51" hits="2" branch="False" />
                <line number="53" hits="2" branch="False" />
                <line number="54" hits="2" branch="False" />
              </lines>
            </method>
          </methods>
          <lines>
            <line number="31" hits="2" branch="False" />
            <line number="32" hits="2" branch="False" />
            <line number="33" hits="2" branch="False" />
            <line number="34" hits="2" branch="False" />
            <line number="35" hits="2" branch="False" />
            <line number="36" hits="2" branch="False" />
            <line number="37" hits="2" branch="False" />
            <line number="38" hits="2" branch="False" />
            <line number="39" hits="2" branch="False" />
            <line number="40" hits="2" branch="False" />
            <line number="41" hits="2" branch="False" />
            <line number="43" hits="2" branch="True" condition-coverage="50% (5/10)">
              <conditions>
                <condition number="701" type="jump" coverage="50%" />
                <condition number="715" type="jump" coverage="50%" />
                <condition number="732" type="jump" coverage="50%" />
                <condition number="749" type="jump" coverage="50%" />
                <condition number="766" type="jump" coverage="50%" />
              </conditions>
            </line>
            <line number="44" hits="2" branch="False" />
            <line number="45" hits="0" branch="False" />
            <line number="46" hits="0" branch="False" />
            <line number="47" hits="0" branch="False" />
            <line number="48" hits="0" branch="False" />
            <line number="49" hits="2" branch="False" />
            <line number="50" hits="0" branch="False" />
            <line number="51" hits="2" branch="False" />
            <line number="53" hits="2" branch="False" />
            <line number="54" hits="2" branch="False" />
          </lines>
        </class>
        <class name="PromiseModelOnline.Api.DAL.CommentRepository/&lt;GetEpicsByPromiseIdsAsync&gt;d__8" filename="DAL/CommentRepository.cs" line-rate="1" branch-rate="1" complexity="1">
          <methods>
            <method name="MoveNext" signature="()" line-rate="1" branch-rate="1" complexity="1">
              <lines>
                <line number="233" hits="1" branch="False" />
                <line number="234" hits="1" branch="False" />
                <line number="235" hits="1" branch="False" />
              </lines>
            </method>
          </methods>
          <lines>
            <line number="233" hits="1" branch="False" />
            <line number="234" hits="1" branch="False" />
            <line number="235" hits="1" branch="False" />
          </lines>
        </class>
        <class name="PromiseModelOnline.Api.DAL.CommentRepository/&lt;GetFlowsByJourneyIdsAsync&gt;d__10" filename="DAL/CommentRepository.cs" line-rate="1" branch-rate="1" complexity="1">
          <methods>
            <method name="MoveNext" signature="()" line-rate="1" branch-rate="1" complexity="1">
              <lines>
                <line number="247" hits="1" branch="False" />
                <line number="248" hits="1" branch="False" />
                <line number="249" hits="1" branch="False" />
              </lines>
            </method>
          </methods>
          <lines>
            <line number="247" hits="1" branch="False" />
            <line number="248" hits="1" branch="False" />
            <line number="249" hits="1" branch="False" />
          </lines>
        </class>
        <class name="PromiseModelOnline.Api.DAL.CommentRepository/&lt;GetJourneysByEpicIdsAsync&gt;d__9" filename="DAL/CommentRepository.cs" line-rate="1" branch-rate="1" complexity="1">
          <methods>
            <method name="MoveNext" signature="()" line-rate="1" branch-rate="1" complexity="1">
              <lines>
                <line number="240" hits="1" branch="False" />
                <line number="241" hits="1" branch="False" />
                <line number="242" hits="1" branch="False" />
              </lines>
            </method>
          </methods>
          <lines>
            <line number="240" hits="1" branch="False" />
            <line number="241" hits="1" branch="False" />
            <line number="242" hits="1" branch="False" />
          </lines>
        </class>
        <class name="PromiseModelOnline.Api.DAL.CommentRepository/&lt;GetMomentsByFlowIdsAsync&gt;d__11" filename="DAL/CommentRepository.cs" line-rate="1" branch-rate="1" complexity="1">
          <methods>
            <method name="MoveNext" signature="()" line-rate="1" branch-rate="1" complexity="1">
              <lines>
                <line number="254" hits="1" branch="False" />
                <line number="255" hits="1" branch="False" />
                <line number="256" hits="1" branch="False" />
              </lines>
            </method>
          </methods>
          <lines>
            <line number="254" hits="1" branch="False" />
            <line number="255" hits="1" branch="False" />
            <line number="256" hits="1" branch="False" />
          </lines>
        </class>
        <class name="PromiseModelOnline.Api.DAL.CommentRepository/&lt;GetPromisesByProjectAsync&gt;d__7" filename="DAL/CommentRepository.cs" line-rate="1" branch-rate="1" complexity="1">
          <methods>
            <method name="MoveNext" signature="()" line-rate="1" branch-rate="1" complexity="1">
              <lines>
                <line number="226" hits="1" branch="False" />
                <line number="227" hits="1" branch="False" />
                <line number="228" hits="1" branch="False" />
              </lines>
            </method>
          </methods>
          <lines>
            <line number="226" hits="1" branch="False" />
            <line number="227" hits="1" branch="False" />
            <line number="228" hits="1" branch="False" />
          </lines>
        </class>
        <class name="PromiseModelOnline.Api.DAL.CommentRepository/&lt;ResolveProjectIdAsync&gt;d__12" filename="DAL/CommentRepository.cs" line-rate="0.4318" branch-rate="0.275" complexity="40">
          <methods>
            <method name="MoveNext" signature="()" line-rate="0.4318" branch-rate="0.275" complexity="40">
              <lines>
                <line number="269" hits="6" branch="False" />
                <line number="270" hits="6" branch="False" />
                <line number="272" hits="6" branch="True" condition-coverage="50% (1/2)">
                  <conditions>
                    <condition number="186" type="jump" coverage="50%" />
                  </conditions>
                </line>
                <line number="273" hits="0" branch="False" />
                <line number="274" hits="0" branch="False" />
                <line number="275" hits="0" branch="True" condition-coverage="0% (0/2)">
                  <conditions>
                    <condition number="359" type="jump" coverage="0%" />
                  </conditions>
                </line>
                <line number="278" hits="6" branch="True" condition-coverage="50% (1/2)">
                  <conditions>
                    <condition number="404" type="jump" coverage="50%" />
                  </conditions>
                </line>
                <line number="279" hits="0" branch="False" />
                <line number="280" hits="0" branch="False" />
                <line number="281" hits="0" branch="True" condition-coverage="0% (0/2)">
                  <conditions>
                    <condition number="586" type="jump" coverage="0%" />
                  </conditions>
                </line>
                <line number="282" hits="0" branch="False" />
                <line number="283" hits="0" branch="True" condition-coverage="0% (0/2)">
                  <conditions>
                    <condition number="774" type="jump" coverage="0%" />
                  </conditions>
                </line>
                <line number="286" hits="6" branch="True" condition-coverage="50% (1/2)">
                  <conditions>
                    <condition number="819" type="jump" coverage="50%" />
                  </conditions>
                </line>
                <line number="287" hits="0" branch="False" />
                <line number="288" hits="0" branch="False" />
                <line number="289" hits="0" branch="True" condition-coverage="0% (0/2)">
                  <conditions>
                    <condition number="1001" type="jump" coverage="0%" />
                  </conditions>
                </line>
                <line number="290" hits="0" branch="False" />
                <line number="291" hits="0" branch="True" condition-coverage="0% (0/2)">
                  <conditions>
                    <condition number="1195" type="jump" coverage="0%" />
                  </conditions>
                </line>
                <line number="292" hits="0" branch="False" />
                <line number="293" hits="0" branch="True" condition-coverage="0% (0/2)">
                  <conditions>
                    <condition number="1383" type="jump" coverage="0%" />
                  </conditions>
                </line>
                <line number="296" hits="6" branch="True" condition-coverage="50% (1/2)">
                  <conditions>
                    <condition number="1428" type="jump" coverage="50%" />
                  </conditions>
                </line>
                <line number="297" hits="0" branch="False" />
                <line number="298" hits="0" branch="False" />
                <line number="299" hits="0" branch="True" condition-coverage="0% (0/2)">
                  <conditions>
                    <condition number="1610" type="jump" coverage="0%" />
                  </conditions>
                </line>
                <line number="300" hits="0" branch="False" />
                <line number="301" hits="0" branch="True" condition-coverage="0% (0/2)">
                  <conditions>
                    <condition number="1804" type="jump" coverage="0%" />
                  </conditions>
                </line>
                <line number="302" hits="0" branch="False" />
                <line number="303" hits="0" branch="True" condition-coverage="0% (0/2)">
                  <conditions>
                    <condition number="1998" type="jump" coverage="0%" />
                  </conditions>
                </line>
                <line number="304" hits="0" branch="False" />
                <line number="305" hits="0" branch="True" condition-coverage="0% (0/2)">
                  <conditions>
                    <condition number="2187" type="jump" coverage="0%" />
                  </conditions>
                </line>
                <line number="308" hits="6" branch="True" condition-coverage="50% (1/2)">
                  <conditions>
                    <condition number="2232" type="jump" coverage="50%" />
                  </conditions>
                </line>
                <line number="309" hits="6" branch="False" />
                <line number="310" hits="6" branch="False" />
                <line number="311" hits="7" branch="True" condition-coverage="100% (2/2)">
                  <conditions>
                    <condition number="2415" type="jump" coverage="100%" />
                  </conditions>
                </line>
                <line number="312" hits="5" branch="False" />
                <line number="313" hits="5" branch="True" condition-coverage="50% (1/2)">
                  <conditions>
                    <condition number="2610" type="jump" coverage="50%" />
                  </conditions>
                </line>
                <line number="314" hits="5" branch="False" />
                <line number="315" hits="5" branch="True" condition-coverage="50% (1/2)">
                  <conditions>
                    <condition number="2805" type="jump" coverage="50%" />
                  </conditions>
                </line>
                <line number="316" hits="5" branch="False" />
                <line number="317" hits="5" branch="True" condition-coverage="50% (1/2)">
                  <conditions>
                    <condition number="3000" type="jump" coverage="50%" />
                  </conditions>
                </line>
                <line number="318" hits="5" branch="False" />
                <line number="319" hits="5" branch="True" condition-coverage="50% (1/2)">
                  <conditions>
                    <condition number="3189" type="jump" coverage="50%" />
                  </conditions>
                </line>
                <line number="322" hits="0" branch="False" />
                <line number="323" hits="5" branch="False" />
              </lines>
            </method>
          </methods>
          <lines>
            <line number="269" hits="6" branch="False" />
            <line number="270" hits="6" branch="False" />
            <line number="272" hits="6" branch="True" condition-coverage="50% (1/2)">
              <conditions>
                <condition number="186" type="jump" coverage="50%" />
              </conditions>
            </line>
            <line number="273" hits="0" branch="False" />
            <line number="274" hits="0" branch="False" />
            <line number="275" hits="0" branch="True" condition-coverage="0% (0/2)">
              <conditions>
                <condition number="359" type="jump" coverage="0%" />
              </conditions>
            </line>
            <line number="278" hits="6" branch="True" condition-coverage="50% (1/2)">
              <conditions>
                <condition number="404" type="jump" coverage="50%" />
              </conditions>
            </line>
            <line number="279" hits="0" branch="False" />
            <line number="280" hits="0" branch="False" />
            <line number="281" hits="0" branch="True" condition-coverage="0% (0/2)">
              <conditions>
                <condition number="586" type="jump" coverage="0%" />
              </conditions>
            </line>
            <line number="282" hits="0" branch="False" />
            <line number="283" hits="0" branch="True" condition-coverage="0% (0/2)">
              <conditions>
                <condition number="774" type="jump" coverage="0%" />
              </conditions>
            </line>
            <line number="286" hits="6" branch="True" condition-coverage="50% (1/2)">
              <conditions>
                <condition number="819" type="jump" coverage="50%" />
              </conditions>
            </line>
            <line number="287" hits="0" branch="False" />
            <line number="288" hits="0" branch="False" />
            <line number="289" hits="0" branch="True" condition-coverage="0% (0/2)">
              <conditions>
                <condition number="1001" type="jump" coverage="0%" />
              </conditions>
            </line>
            <line number="290" hits="0" branch="False" />
            <line number="291" hits="0" branch="True" condition-coverage="0% (0/2)">
              <conditions>
                <condition number="1195" type="jump" coverage="0%" />
              </conditions>
            </line>
            <line number="292" hits="0" branch="False" />
            <line number="293" hits="0" branch="True" condition-coverage="0% (0/2)">
              <conditions>
                <condition number="1383" type="jump" coverage="0%" />
              </conditions>
            </line>
            <line number="296" hits="6" branch="True" condition-coverage="50% (1/2)">
              <conditions>
                <condition number="1428" type="jump" coverage="50%" />
              </conditions>
            </line>
            <line number="297" hits="0" branch="False" />
            <line number="298" hits="0" branch="False" />
            <line number="299" hits="0" branch="True" condition-coverage="0% (0/2)">
              <conditions>
                <condition number="1610" type="jump" coverage="0%" />
              </conditions>
            </line>
            <line number="300" hits="0" branch="False" />
            <line number="301" hits="0" branch="True" condition-coverage="0% (0/2)">
              <conditions>
                <condition number="1804" type="jump" coverage="0%" />
              </conditions>
            </line>
            <line number="302" hits="0" branch="False" />
            <line number="303" hits="0" branch="True" condition-coverage="0% (0/2)">
              <conditions>
                <condition number="1998" type="jump" coverage="0%" />
              </conditions>
            </line>
            <line number="304" hits="0" branch="False" />
            <line number="305" hits="0" branch="True" condition-coverage="0% (0/2)">
              <conditions>
                <condition number="2187" type="jump" coverage="0%" />
              </conditions>
            </line>
            <line number="308" hits="6" branch="True" condition-coverage="50% (1/2)">
              <conditions>
                <condition number="2232" type="jump" coverage="50%" />
              </conditions>
            </line>
            <line number="309" hits="6" branch="False" />
            <line number="310" hits="6" branch="False" />
            <line number="311" hits="7" branch="True" condition-coverage="100% (2/2)">
              <conditions>
                <condition number="2415" type="jump" coverage="100%" />
              </conditions>
            </line>
            <line number="312" hits="5" branch="False" />
            <line number="313" hits="5" branch="True" condition-coverage="50% (1/2)">
              <conditions>
                <condition number="2610" type="jump" coverage="50%" />
              </conditions>
            </line>
            <line number="314" hits="5" branch="False" />
            <line number="315" hits="5" branch="True" condition-coverage="50% (1/2)">
              <conditions>
                <condition number="2805" type="jump" coverage="50%" />
              </conditions>
            </line>
            <line number="316" hits="5" branch="False" />
            <line number="317" hits="5" branch="True" condition-coverage="50% (1/2)">
              <conditions>
                <condition number="3000" type="jump" coverage="50%" />
              </conditions>
            </line>
            <line number="318" hits="5" branch="False" />
            <line number="319" hits="5" branch="True" condition-coverage="50% (1/2)">
              <conditions>
                <condition number="3189" type="jump" coverage="50%" />
              </conditions>
            </line>
            <line number="322" hits="0" branch="False" />
            <line number="323" hits="5" branch="False" />
          </lines>
        </class>
        <class name="PromiseModelOnline.Api.DAL.CommentRepository/&lt;SearchStackByStatementAsync&gt;d__5" filename="DAL/CommentRepository.cs" line-rate="0.9390000000000001" branch-rate="0.5" complexity="28">
          <methods>
            <method name="MoveNext" signature="()" line-rate="0.9390000000000001" branch-rate="0.5" complexity="28">
              <lines>
                <line number="94" hits="1" branch="False" />
                <line number="95" hits="1" branch="True" condition-coverage="50% (1/2)">
                  <conditions>
                    <condition number="138" type="jump" coverage="50%" />
                  </conditions>
                </line>
                <line number="96" hits="0" branch="False" />
                <line number="98" hits="1" branch="False" />
                <line number="99" hits="1" branch="False" />
                <line number="100" hits="1" branch="False" />
                <line number="102" hits="1" branch="True" condition-coverage="50% (1/2)">
                  <conditions>
                    <condition number="247" type="jump" coverage="50%" />
                  </conditions>
                </line>
                <line number="106" hits="1" branch="True" condition-coverage="50% (2/4)">
                  <conditions>
                    <condition number="783" type="jump" coverage="50%" />
                    <condition number="806" type="jump" coverage="50%" />
                  </conditions>
                </line>
                <line number="107" hits="1" branch="False" />
                <line number="108" hits="1" branch="False" />
                <line number="109" hits="1" branch="False" />
                <line number="110" hits="1" branch="False" />
                <line number="111" hits="1" branch="False" />
                <line number="112" hits="1" branch="False" />
                <line number="113" hits="1" branch="False" />
                <line number="115" hits="1" branch="True" condition-coverage="50% (1/2)">
                  <conditions>
                    <condition number="1033" type="jump" coverage="50%" />
                  </conditions>
                </line>
                <line number="116" hits="0" branch="False" />
                <line number="118" hits="1" branch="False" />
                <line number="119" hits="1" branch="False" />
                <line number="120" hits="1" branch="False" />
                <line number="121" hits="1" branch="False" />
                <line number="123" hits="1" branch="True" condition-coverage="50% (2/4)">
                  <conditions>
                    <condition number="1959" type="jump" coverage="50%" />
                    <condition number="1982" type="jump" coverage="50%" />
                  </conditions>
                </line>
                <line number="124" hits="1" branch="False" />
                <line number="125" hits="1" branch="False" />
                <line number="126" hits="1" branch="False" />
                <line number="127" hits="1" branch="False" />
                <line number="128" hits="1" branch="False" />
                <line number="129" hits="1" branch="False" />
                <line number="130" hits="1" branch="False" />
                <line number="132" hits="1" branch="True" condition-coverage="50% (1/2)">
                  <conditions>
                    <condition number="2209" type="jump" coverage="50%" />
                  </conditions>
                </line>
                <line number="133" hits="0" branch="False" />
                <line number="135" hits="1" branch="False" />
                <line number="136" hits="1" branch="False" />
                <line number="137" hits="1" branch="False" />
                <line number="138" hits="1" branch="False" />
                <line number="139" hits="1" branch="False" />
                <line number="140" hits="1" branch="False" />
                <line number="141" hits="1" branch="False" />
                <line number="143" hits="1" branch="True" condition-coverage="50% (2/4)">
                  <conditions>
                    <condition number="3240" type="jump" coverage="50%" />
                    <condition number="3263" type="jump" coverage="50%" />
                  </conditions>
                </line>
                <line number="144" hits="1" branch="False" />
                <line number="145" hits="1" branch="False" />
                <line number="146" hits="1" branch="False" />
                <line number="147" hits="1" branch="False" />
                <line number="148" hits="1" branch="False" />
                <line number="149" hits="1" branch="False" />
                <line number="150" hits="1" branch="False" />
                <line number="152" hits="1" branch="True" condition-coverage="50% (1/2)">
                  <conditions>
                    <condition number="3490" type="jump" coverage="50%" />
                  </conditions>
                </line>
                <line number="153" hits="0" branch="False" />
                <line number="155" hits="1" branch="False" />
                <line number="156" hits="1" branch="False" />
                <line number="157" hits="1" branch="False" />
                <line number="158" hits="1" branch="False" />
                <line number="159" hits="1" branch="False" />
                <line number="160" hits="1" branch="False" />
                <line number="161" hits="1" branch="False" />
                <line number="163" hits="1" branch="True" condition-coverage="50% (2/4)">
                  <conditions>
                    <condition number="4521" type="jump" coverage="50%" />
                    <condition number="4544" type="jump" coverage="50%" />
                  </conditions>
                </line>
                <line number="164" hits="1" branch="False" />
                <line number="165" hits="1" branch="False" />
                <line number="166" hits="1" branch="False" />
                <line number="167" hits="1" branch="False" />
                <line number="168" hits="1" branch="False" />
                <line number="169" hits="1" branch="False" />
                <line number="170" hits="1" branch="False" />
                <line number="172" hits="1" branch="True" condition-coverage="50% (1/2)">
                  <conditions>
                    <condition number="4771" type="jump" coverage="50%" />
                  </conditions>
                </line>
                <line number="173" hits="0" branch="False" />
                <line number="175" hits="1" branch="False" />
                <line number="176" hits="1" branch="False" />
                <line number="177" hits="1" branch="False" />
                <line number="178" hits="1" branch="False" />
                <line number="179" hits="1" branch="False" />
                <line number="180" hits="1" branch="False" />
                <line number="181" hits="1" branch="False" />
                <line number="183" hits="1" branch="False" />
                <line number="184" hits="1" branch="False" />
                <line number="185" hits="1" branch="False" />
                <line number="186" hits="1" branch="False" />
                <line number="187" hits="1" branch="False" />
                <line number="188" hits="1" branch="False" />
                <line number="189" hits="1" branch="False" />
                <line number="190" hits="1" branch="False" />
                <line number="192" hits="1" branch="False" />
                <line number="193" hits="1" branch="False" />
              </lines>
            </method>
          </methods>
          <lines>
            <line number="94" hits="1" branch="False" />
            <line number="95" hits="1" branch="True" condition-coverage="50% (1/2)">
              <conditions>
                <condition number="138" type="jump" coverage="50%" />
              </conditions>
            </line>
            <line number="96" hits="0" branch="False" />
            <line number="98" hits="1" branch="False" />
            <line number="99" hits="1" branch="False" />
            <line number="100" hits="1" branch="False" />
            <line number="102" hits="1" branch="True" condition-coverage="50% (1/2)">
              <conditions>
                <condition number="247" type="jump" coverage="50%" />
              </conditions>
            </line>
            <line number="106" hits="1" branch="True" condition-coverage="50% (2/4)">
              <conditions>
                <condition number="783" type="jump" coverage="50%" />
                <condition number="806" type="jump" coverage="50%" />
              </conditions>
            </line>
            <line number="107" hits="1" branch="False" />
            <line number="108" hits="1" branch="False" />
            <line number="109" hits="1" branch="False" />
            <line number="110" hits="1" branch="False" />
            <line number="111" hits="1" branch="False" />
            <line number="112" hits="1" branch="False" />
            <line number="113" hits="1" branch="False" />
            <line number="115" hits="1" branch="True" condition-coverage="50% (1/2)">
              <conditions>
                <condition number="1033" type="jump" coverage="50%" />
              </conditions>
            </line>
            <line number="116" hits="0" branch="False" />
            <line number="118" hits="1" branch="False" />
            <line number="119" hits="1" branch="False" />
            <line number="120" hits="1" branch="False" />
            <line number="121" hits="1" branch="False" />
            <line number="123" hits="1" branch="True" condition-coverage="50% (2/4)">
              <conditions>
                <condition number="1959" type="jump" coverage="50%" />
                <condition number="1982" type="jump" coverage="50%" />
              </conditions>
            </line>
            <line number="124" hits="1" branch="False" />
            <line number="125" hits="1" branch="False" />
            <line number="126" hits="1" branch="False" />
            <line number="127" hits="1" branch="False" />
            <line number="128" hits="1" branch="False" />
            <line number="129" hits="1" branch="False" />
            <line number="130" hits="1" branch="False" />
            <line number="132" hits="1" branch="True" condition-coverage="50% (1/2)">
              <conditions>
                <condition number="2209" type="jump" coverage="50%" />
              </conditions>
            </line>
            <line number="133" hits="0" branch="False" />
            <line number="135" hits="1" branch="False" />
            <line number="136" hits="1" branch="False" />
            <line number="137" hits="1" branch="False" />
            <line number="138" hits="1" branch="False" />
            <line number="139" hits="1" branch="False" />
            <line number="140" hits="1" branch="False" />
            <line number="141" hits="1" branch="False" />
            <line number="143" hits="1" branch="True" condition-coverage="50% (2/4)">
              <conditions>
                <condition number="3240" type="jump" coverage="50%" />
                <condition number="3263" type="jump" coverage="50%" />
              </conditions>
            </line>
            <line number="144" hits="1" branch="False" />
            <line number="145" hits="1" branch="False" />
            <line number="146" hits="1" branch="False" />
            <line number="147" hits="1" branch="False" />
            <line number="148" hits="1" branch="False" />
            <line number="149" hits="1" branch="False" />
            <line number="150" hits="1" branch="False" />
            <line number="152" hits="1" branch="True" condition-coverage="50% (1/2)">
              <conditions>
                <condition number="3490" type="jump" coverage="50%" />
              </conditions>
            </line>
            <line number="153" hits="0" branch="False" />
            <line number="155" hits="1" branch="False" />
            <line number="156" hits="1" branch="False" />
            <line number="157" hits="1" branch="False" />
            <line number="158" hits="1" branch="False" />
            <line number="159" hits="1" branch="False" />
            <line number="160" hits="1" branch="False" />
            <line number="161" hits="1" branch="False" />
            <line number="163" hits="1" branch="True" condition-coverage="50% (2/4)">
              <conditions>
                <condition number="4521" type="jump" coverage="50%" />
                <condition number="4544" type="jump" coverage="50%" />
              </conditions>
            </line>
            <line number="164" hits="1" branch="False" />
            <line number="165" hits="1" branch="False" />
            <line number="166" hits="1" branch="False" />
            <line number="167" hits="1" branch="False" />
            <line number="168" hits="1" branch="False" />
            <line number="169" hits="1" branch="False" />
            <line number="170" hits="1" branch="False" />
            <line number="172" hits="1" branch="True" condition-coverage="50% (1/2)">
              <conditions>
                <condition number="4771" type="jump" coverage="50%" />
              </conditions>
            </line>
            <line number="173" hits="0" branch="False" />
            <line number="175" hits="1" branch="False" />
            <line number="176" hits="1" branch="False" />
            <line number="177" hits="1" branch="False" />
            <line number="178" hits="1" branch="False" />
            <line number="179" hits="1" branch="False" />
            <line number="180" hits="1" branch="False" />
            <line number="181" hits="1" branch="False" />
            <line number="183" hits="1" branch="False" />
            <line number="184" hits="1" branch="False" />
            <line number="185" hits="1" branch="False" />
            <line number="186" hits="1" branch="False" />
            <line number="187" hits="1" branch="False" />
            <line number="188" hits="1" branch="False" />
            <line number="189" hits="1" branch="False" />
            <line number="190" hits="1" branch="False" />
            <line number="192" hits="1" branch="False" />
            <line number="193" hits="1" branch="False" />
          </lines>
        </class>
        <class name="PromiseModelOnline.Api.DAL.EpicRepository" filename="DAL/EpicRepository.cs" line-rate="1" branch-rate="1" complexity="1">
          <methods>
            <method name=".ctor" signature="(PromiseModelOnline.Api.DAL.PromiseModelOnlineContext)" line-rate="1" branch-rate="1" complexity="1">
              <lines>
                <line number="15" hits="371" branch="False" />
              </lines>
            </method>
          </methods>
          <lines>
            <line number="15" hits="371" branch="False" />
          </lines>
        </class>
        <class name="PromiseModelOnline.Api.DAL.EpicRepository/&lt;GetEpicsByPromiseAsync&gt;d__1" filename="DAL/EpicRepository.cs" line-rate="1" branch-rate="1" complexity="1">
          <methods>
            <method name="MoveNext" signature="()" line-rate="1" branch-rate="1" complexity="1">
              <lines>
                <line number="21" hits="5" branch="False" />
              </lines>
            </method>
          </methods>
          <lines>
            <line number="21" hits="5" branch="False" />
          </lines>
        </class>
        <class name="PromiseModelOnline.Api.DAL.FlowRepository" filename="DAL/FlowRepository.cs" line-rate="1" branch-rate="1" complexity="1">
          <methods>
            <method name=".ctor" signature="(PromiseModelOnline.Api.DAL.PromiseModelOnlineContext)" line-rate="1" branch-rate="1" complexity="1">
              <lines>
                <line number="17" hits="371" branch="False" />
              </lines>
            </method>
          </methods>
          <lines>
            <line number="17" hits="371" branch="False" />
          </lines>
        </class>
        <class name="PromiseModelOnline.Api.DAL.FlowRepository/&lt;GetFlowsByJourneyAsync&gt;d__1" filename="DAL/FlowRepository.cs" line-rate="1" branch-rate="1" complexity="1">
          <methods>
            <method name="MoveNext" signature="()" line-rate="1" branch-rate="1" complexity="1">
              <lines>
                <line number="23" hits="5" branch="False" />
              </lines>
            </method>
          </methods>
          <lines>
            <line number="23" hits="5" branch="False" />
          </lines>
        </class>
        <class name="PromiseModelOnline.Api.DAL.GenericRepository`1" filename="DAL/GenericRepository.cs" line-rate="1" branch-rate="1" complexity="2">
          <methods>
            <method name="Update" signature="(T)" line-rate="1" branch-rate="1" complexity="1">
              <lines>
                <line number="83" hits="40" branch="False" />
              </lines>
            </method>
            <method name=".ctor" signature="(PromiseModelOnline.Api.DAL.PromiseModelOnlineContext)" line-rate="1" branch-rate="1" complexity="1">
              <lines>
                <line number="32" hits="5306" branch="False" />
                <line number="33" hits="5306" branch="False" />
                <line number="34" hits="5306" branch="False" />
                <line number="35" hits="5306" branch="False" />
                <line number="36" hits="5306" branch="False" />
              </lines>
            </method>
          </methods>
          <lines>
            <line number="83" hits="40" branch="False" />
            <line number="32" hits="5306" branch="False" />
            <line number="33" hits="5306" branch="False" />
            <line number="34" hits="5306" branch="False" />
            <line number="35" hits="5306" branch="False" />
            <line number="36" hits="5306" branch="False" />
          </lines>
        </class>
        <class name="PromiseModelOnline.Api.DAL.GenericRepository`1/&lt;AddAsync&gt;d__6" filename="DAL/GenericRepository.cs" line-rate="1" branch-rate="1" complexity="1">
          <methods>
            <method name="MoveNext" signature="()" line-rate="1" branch-rate="1" complexity="1">
              <lines>
                <line number="73" hits="13" branch="False" />
              </lines>
            </method>
          </methods>
          <lines>
            <line number="73" hits="13" branch="False" />
          </lines>
        </class>
        <class name="PromiseModelOnline.Api.DAL.GenericRepository`1/&lt;DeleteByIdAsync&gt;d__8" filename="DAL/GenericRepository.cs" line-rate="1" branch-rate="0.5" complexity="2">
          <methods>
            <method name="MoveNext" signature="()" line-rate="1" branch-rate="0.5" complexity="2">
              <lines>
                <line number="95" hits="12" branch="False" />
                <line number="96" hits="12" branch="False" />
                <line number="97" hits="12" branch="True" condition-coverage="50% (1/2)">
                  <conditions>
                    <condition number="212" type="jump" coverage="50%" />
                  </conditions>
                </line>
                <line number="99" hits="12" branch="False" />
                <line number="100" hits="12" branch="False" />
                <line number="101" hits="12" branch="False" />
                <line number="102" hits="12" branch="False" />
              </lines>
            </method>
          </methods>
          <lines>
            <line number="95" hits="12" branch="False" />
            <line number="96" hits="12" branch="False" />
            <line number="97" hits="12" branch="True" condition-coverage="50% (1/2)">
              <conditions>
                <condition number="212" type="jump" coverage="50%" />
              </conditions>
            </line>
            <line number="99" hits="12" branch="False" />
            <line number="100" hits="12" branch="False" />
            <line number="101" hits="12" branch="False" />
            <line number="102" hits="12" branch="False" />
          </lines>
        </class>
        <class name="PromiseModelOnline.Api.DAL.GenericRepository`1/&lt;FindAsync&gt;d__5" filename="DAL/GenericRepository.cs" line-rate="1" branch-rate="1" complexity="1">
          <methods>
            <method name="MoveNext" signature="()" line-rate="1" branch-rate="1" complexity="1">
              <lines>
                <line number="63" hits="419" branch="False" />
              </lines>
            </method>
          </methods>
          <lines>
            <line number="63" hits="419" branch="False" />
          </lines>
        </class>
        <class name="PromiseModelOnline.Api.DAL.GenericRepository`1/&lt;GetAllAsync&gt;d__3" filename="DAL/GenericRepository.cs" line-rate="1" branch-rate="1" complexity="1">
          <methods>
            <method name="MoveNext" signature="()" line-rate="1" branch-rate="1" complexity="1">
              <lines>
                <line number="42" hits="284" branch="False" />
              </lines>
            </method>
          </methods>
          <lines>
            <line number="42" hits="284" branch="False" />
          </lines>
        </class>
        <class name="PromiseModelOnline.Api.DAL.GenericRepository`1/&lt;GetByIdAsync&gt;d__4" filename="DAL/GenericRepository.cs" line-rate="1" branch-rate="1" complexity="1">
          <methods>
            <method name="MoveNext" signature="()" line-rate="1" branch-rate="1" complexity="1">
              <lines>
                <line number="54" hits="119" branch="False" />
              </lines>
            </method>
          </methods>
          <lines>
            <line number="54" hits="119" branch="False" />
          </lines>
        </class>
        <class name="PromiseModelOnline.Api.DAL.GenericRepository`1/&lt;RemoveCommentAsync&gt;d__18" filename="DAL/GenericRepository.cs" line-rate="0" branch-rate="0" complexity="2">
          <methods>
            <method name="MoveNext" signature="()" line-rate="0" branch-rate="0" complexity="2">
              <lines>
                <line number="311" hits="0" branch="False" />
                <line number="312" hits="0" branch="False" />
                <line number="313" hits="0" branch="False" />
                <line number="314" hits="0" branch="False" />
                <line number="316" hits="0" branch="True" condition-coverage="0% (0/2)">
                  <conditions>
                    <condition number="539" type="jump" coverage="0%" />
                  </conditions>
                </line>
                <line number="317" hits="0" branch="False" />
                <line number="318" hits="0" branch="False" />
                <line number="319" hits="0" branch="False" />
                <line number="321" hits="0" branch="False" />
                <line number="322" hits="0" branch="False" />
                <line number="323" hits="0" branch="False" />
                <line number="325" hits="0" branch="False" />
                <line number="326" hits="0" branch="False" />
                <line number="327" hits="0" branch="False" />
[...]
                  </conditions>
                </line>
                <line number="50" hits="14" branch="True" condition-coverage="30% (15/50)">
                  <conditions>
                    <condition number="39" type="jump" coverage="100%" />
                    <condition number="47" type="jump" coverage="50%" />
                    <condition number="55" type="jump" coverage="0%" />
                    <condition number="84" type="jump" coverage="50%" />
                    <condition number="97" type="jump" coverage="50%" />
                    <condition number="126" type="jump" coverage="50%" />
                    <condition number="134" type="jump" coverage="50%" />
                    <condition number="144" type="jump" coverage="0%" />
                    <condition number="173" type="jump" coverage="0%" />
                    <condition number="183" type="jump" coverage="0%" />
                    <condition number="68" type="jump" coverage="0%" />
                    <condition number="193" type="jump" coverage="0%" />
                    <condition number="157" type="jump" coverage="0%" />
                    <condition number="110" type="jump" coverage="50%" />
                    <condition number="211" type="jump" coverage="0%" />
                    <condition number="232" type="jump" coverage="0%" />
                    <condition number="253" type="jump" coverage="50%" />
                    <condition number="274" type="jump" coverage="50%" />
                    <condition number="292" type="jump" coverage="50%" />
                    <condition number="307" type="jump" coverage="50%" />
                    <condition number="322" type="jump" coverage="50%" />
                    <condition number="337" type="jump" coverage="0%" />
                    <condition number="352" type="jump" coverage="0%" />
                    <condition number="367" type="jump" coverage="50%" />
                    <condition number="382" type="jump" coverage="50%" />
                  </conditions>
                </line>
                <line number="51" hits="14" branch="False" />
                <line number="52" hits="0" branch="False" />
                <line number="53" hits="4" branch="False" />
                <line number="54" hits="0" branch="False" />
                <line number="55" hits="10" branch="False" />
                <line number="56" hits="0" branch="False" />
                <line number="57" hits="14" branch="False" />
                <line number="58" hits="14" branch="False" />
              </lines>
            </method>
            <method name="RollUp" signature="(System.Collections.Generic.IEnumerable`1&lt;System.String&gt;)" line-rate="0.8234999999999999" branch-rate="0.7" complexity="10">
              <lines>
                <line number="68" hits="16" branch="False" />
                <line number="69" hits="16" branch="False" />
                <line number="70" hits="16" branch="False" />
                <line number="71" hits="16" branch="False" />
                <line number="72" hits="16" branch="False" />
                <line number="74" hits="16" branch="True" condition-coverage="100% (2/2)">
                  <conditions>
                    <condition number="87" type="jump" coverage="100%" />
                  </conditions>
                </line>
                <line number="75" hits="2" branch="False" />
                <line number="77" hits="14" branch="True" condition-coverage="50% (1/2)">
                  <conditions>
                    <condition number="139" type="jump" coverage="50%" />
                  </conditions>
                </line>
                <line number="78" hits="0" branch="False" />
                <line number="80" hits="14" branch="True" condition-coverage="50% (1/2)">
                  <conditions>
                    <condition number="193" type="jump" coverage="50%" />
                  </conditions>
                </line>
                <line number="81" hits="0" branch="False" />
                <line number="83" hits="14" branch="True" condition-coverage="100% (2/2)">
                  <conditions>
                    <condition number="244" type="jump" coverage="100%" />
                  </conditions>
                </line>
                <line number="84" hits="4" branch="False" />
                <line number="86" hits="10" branch="True" condition-coverage="50% (1/2)">
                  <conditions>
                    <condition number="295" type="jump" coverage="50%" />
                  </conditions>
                </line>
                <line number="87" hits="10" branch="False" />
                <line number="89" hits="0" branch="False" />
                <line number="90" hits="16" branch="False" />
              </lines>
            </method>
          </methods>
          <lines>
            <line number="28" hits="2" branch="True" condition-coverage="50% (2/4)">
              <conditions>
                <condition number="7" type="switch" coverage="50%" />
              </conditions>
            </line>
            <line number="29" hits="2" branch="False" />
            <line number="30" hits="0" branch="False" />
            <line number="31" hits="1" branch="False" />
            <line number="32" hits="0" branch="False" />
            <line number="33" hits="1" branch="False" />
            <line number="34" hits="2" branch="False" />
            <line number="47" hits="14" branch="False" />
            <line number="48" hits="14" branch="True" condition-coverage="50% (1/2)">
              <conditions>
                <condition number="3" type="jump" coverage="50%" />
              </conditions>
            </line>
            <line number="50" hits="14" branch="True" condition-coverage="30% (15/50)">
              <conditions>
                <condition number="39" type="jump" coverage="100%" />
                <condition number="47" type="jump" coverage="50%" />
                <condition number="55" type="jump" coverage="0%" />
                <condition number="84" type="jump" coverage="50%" />
                <condition number="97" type="jump" coverage="50%" />
                <condition number="126" type="jump" coverage="50%" />
                <condition number="134" type="jump" coverage="50%" />
                <condition number="144" type="jump" coverage="0%" />
                <condition number="173" type="jump" coverage="0%" />
                <condition number="183" type="jump" coverage="0%" />
                <condition number="68" type="jump" coverage="0%" />
                <condition number="193" type="jump" coverage="0%" />
                <condition number="157" type="jump" coverage="0%" />
                <condition number="110" type="jump" coverage="50%" />
                <condition number="211" type="jump" coverage="0%" />
                <condition number="232" type="jump" coverage="0%" />
                <condition number="253" type="jump" coverage="50%" />
                <condition number="274" type="jump" coverage="50%" />
                <condition number="292" type="jump" coverage="50%" />
                <condition number="307" type="jump" coverage="50%" />
                <condition number="322" type="jump" coverage="50%" />
                <condition number="337" type="jump" coverage="0%" />
                <condition number="352" type="jump" coverage="0%" />
                <condition number="367" type="jump" coverage="50%" />
                <condition number="382" type="jump" coverage="50%" />
              </conditions>
            </line>
            <line number="51" hits="14" branch="False" />
            <line number="52" hits="0" branch="False" />
            <line number="53" hits="4" branch="False" />
            <line number="54" hits="0" branch="False" />
            <line number="55" hits="10" branch="False" />
            <line number="56" hits="0" branch="False" />
            <line number="57" hits="14" branch="False" />
            <line number="58" hits="14" branch="False" />
            <line number="68" hits="16" branch="False" />
            <line number="69" hits="16" branch="False" />
            <line number="70" hits="16" branch="False" />
            <line number="71" hits="16" branch="False" />
            <line number="72" hits="16" branch="False" />
            <line number="74" hits="16" branch="True" condition-coverage="100% (2/2)">
              <conditions>
                <condition number="87" type="jump" coverage="100%" />
              </conditions>
            </line>
            <line number="75" hits="2" branch="False" />
            <line number="77" hits="14" branch="True" condition-coverage="50% (1/2)">
              <conditions>
                <condition number="139" type="jump" coverage="50%" />
              </conditions>
            </line>
            <line number="78" hits="0" branch="False" />
            <line number="80" hits="14" branch="True" condition-coverage="50% (1/2)">
              <conditions>
                <condition number="193" type="jump" coverage="50%" />
              </conditions>
            </line>
            <line number="81" hits="0" branch="False" />
            <line number="83" hits="14" branch="True" condition-coverage="100% (2/2)">
              <conditions>
                <condition number="244" type="jump" coverage="100%" />
              </conditions>
            </line>
            <line number="84" hits="4" branch="False" />
            <line number="86" hits="10" branch="True" condition-coverage="50% (1/2)">
              <conditions>
                <condition number="295" type="jump" coverage="50%" />
              </conditions>
            </line>
            <line number="87" hits="10" branch="False" />
            <line number="89" hits="0" branch="False" />
            <line number="90" hits="16" branch="False" />
          </lines>
        </class>
        <class name="PromiseModelOnline.Api.BusinessLogic.StrideService" filename="BusinessLogic/StrideService.cs" line-rate="1" branch-rate="1" complexity="1">
          <methods>
            <method name=".ctor" signature="(PromiseModelOnline.Api.DAL.Interfaces.IStrideRepository,PromiseModelOnline.Api.DAL.Interfaces.IGenericRepository`1&lt;PromiseModelOnline.Api.Models.Iteration&gt;,PromiseModelOnline.Api.BusinessLogic.Interfaces.IProjectService,PromiseModelOnline.Api.BusinessLogic.Interfaces.INotificationService)" line-rate="1" branch-rate="1" complexity="1">
              <lines>
                <line number="21" hits="356" branch="False" />
                <line number="23" hits="356" branch="False" />
                <line number="24" hits="356" branch="False" />
                <line number="25" hits="356" branch="False" />
                <line number="26" hits="356" branch="False" />
              </lines>
            </method>
          </methods>
          <lines>
            <line number="21" hits="356" branch="False" />
            <line number="23" hits="356" branch="False" />
            <line number="24" hits="356" branch="False" />
            <line number="25" hits="356" branch="False" />
            <line number="26" hits="356" branch="False" />
          </lines>
        </class>
        <class name="PromiseModelOnline.Api.BusinessLogic.StrideService/&lt;GetStridesByIterationAsync&gt;d__5" filename="BusinessLogic/StrideService.cs" line-rate="1" branch-rate="1" complexity="1">
          <methods>
            <method name="MoveNext" signature="()" line-rate="1" branch-rate="1" complexity="1">
              <lines>
                <line number="32" hits="1" branch="False" />
              </lines>
            </method>
          </methods>
          <lines>
            <line number="32" hits="1" branch="False" />
          </lines>
        </class>
        <class name="PromiseModelOnline.Api.BusinessLogic.StrideService/&lt;SendDeadlineNotificationsAsync&gt;d__6" filename="BusinessLogic/StrideService.cs" line-rate="0.25" branch-rate="0.5" complexity="10">
          <methods>
            <method name="MoveNext" signature="()" line-rate="0.25" branch-rate="0.5" complexity="10">
              <lines>
                <line number="41" hits="286" branch="True" condition-coverage="100% (2/2)">
                  <conditions>
                    <condition number="16" type="jump" coverage="100%" />
                  </conditions>
                </line>
                <line number="42" hits="286" branch="False" />
                <line number="43" hits="286" branch="False" />
                <line number="44" hits="858" branch="True" condition-coverage="50% (1/2)">
                  <conditions>
                    <condition number="988" type="jump" coverage="50%" />
                  </conditions>
                </line>
                <line number="45" hits="0" branch="False" />
                <line number="46" hits="0" branch="True" condition-coverage="50% (1/2)">
                  <conditions>
                    <condition number="306" type="jump" coverage="50%" />
                  </conditions>
                </line>
                <line number="47" hits="0" branch="False" />
                <line number="48" hits="0" branch="True" condition-coverage="50% (1/2)">
                  <conditions>
                    <condition number="484" type="jump" coverage="50%" />
                  </conditions>
                </line>
                <line number="49" hits="0" branch="False" />
                <line number="50" hits="0" branch="True" condition-coverage="0% (0/2)">
                  <conditions>
                    <condition number="916" type="jump" coverage="0%" />
                  </conditions>
                </line>
                <line number="51" hits="0" branch="False" />
                <line number="52" hits="0" branch="False" />
                <line number="53" hits="0" branch="False" />
                <line number="54" hits="0" branch="False" />
                <line number="55" hits="0" branch="False" />
                <line number="56" hits="0" branch="False" />
                <line number="57" hits="0" branch="False" />
                <line number="58" hits="0" branch="False" />
                <line number="59" hits="0" branch="False" />
                <line number="60" hits="286" branch="False" />
              </lines>
            </method>
          </methods>
          <lines>
            <line number="41" hits="286" branch="True" condition-coverage="100% (2/2)">
              <conditions>
                <condition number="16" type="jump" coverage="100%" />
              </conditions>
            </line>
            <line number="42" hits="286" branch="False" />
            <line number="43" hits="286" branch="False" />
            <line number="44" hits="858" branch="True" condition-coverage="50% (1/2)">
              <conditions>
                <condition number="988" type="jump" coverage="50%" />
              </conditions>
            </line>
            <line number="45" hits="0" branch="False" />
            <line number="46" hits="0" branch="True" condition-coverage="50% (1/2)">
              <conditions>
                <condition number="306" type="jump" coverage="50%" />
              </conditions>
            </line>
            <line number="47" hits="0" branch="False" />
            <line number="48" hits="0" branch="True" condition-coverage="50% (1/2)">
              <conditions>
                <condition number="484" type="jump" coverage="50%" />
              </conditions>
            </line>
            <line number="49" hits="0" branch="False" />
            <line number="50" hits="0" branch="True" condition-coverage="0% (0/2)">
              <conditions>
                <condition number="916" type="jump" coverage="0%" />
              </conditions>
            </line>
            <line number="51" hits="0" branch="False" />
            <line number="52" hits="0" branch="False" />
            <line number="53" hits="0" branch="False" />
            <line number="54" hits="0" branch="False" />
            <line number="55" hits="0" branch="False" />
            <line number="56" hits="0" branch="False" />
            <line number="57" hits="0" branch="False" />
            <line number="58" hits="0" branch="False" />
            <line number="59" hits="0" branch="False" />
            <line number="60" hits="286" branch="False" />
          </lines>
        </class>
        <class name="PromiseModelOnline.Api.Auth.ScopeClaimsTransformer" filename="Auth/ScopeClaimsTransformer.cs" line-rate="0.2666" branch-rate="0.1666" complexity="6">
          <methods>
            <method name="TransformAsync" signature="(System.Security.Claims.ClaimsPrincipal)" line-rate="0.2666" branch-rate="0.1666" complexity="6">
              <lines>
                <line number="13" hits="207" branch="False" />
                <line number="14" hits="207" branch="True" condition-coverage="50% (1/2)">
                  <conditions>
                    <condition number="40" type="jump" coverage="50%" />
                  </conditions>
                </line>
                <line number="15" hits="0" branch="False" />
                <line number="16" hits="0" branch="False" />
                <line number="17" hits="0" branch="True" condition-coverage="0% (0/2)">
                  <conditions>
                    <condition number="168" type="jump" coverage="0%" />
                  </conditions>
                </line>
                <line number="18" hits="0" branch="False" />
                <line number="19" hits="0" branch="False" />
                <line number="20" hits="0" branch="True" condition-coverage="0% (0/2)">
                  <conditions>
                    <condition number="158" type="jump" coverage="0%" />
                  </conditions>
                </line>
                <line number="21" hits="0" branch="False" />
                <line number="22" hits="0" branch="False" />
                <line number="23" hits="0" branch="False" />
                <line number="24" hits="0" branch="False" />
                <line number="25" hits="0" branch="False" />
                <line number="28" hits="207" branch="False" />
                <line number="29" hits="207" branch="False" />
              </lines>
            </method>
          </methods>
          <lines>
            <line number="13" hits="207" branch="False" />
            <line number="14" hits="207" branch="True" condition-coverage="50% (1/2)">
              <conditions>
                <condition number="40" type="jump" coverage="50%" />
              </conditions>
            </line>
            <line number="15" hits="0" branch="False" />
            <line number="16" hits="0" branch="False" />
            <line number="17" hits="0" branch="True" condition-coverage="0% (0/2)">
              <conditions>
                <condition number="168" type="jump" coverage="0%" />
              </conditions>
            </line>
            <line number="18" hits="0" branch="False" />
            <line number="19" hits="0" branch="False" />
            <line number="20" hits="0" branch="True" condition-coverage="0% (0/2)">
              <conditions>
                <condition number="158" type="jump" coverage="0%" />
              </conditions>
            </line>
            <line number="21" hits="0" branch="False" />
            <line number="22" hits="0" branch="False" />
            <line number="23" hits="0" branch="False" />
            <line number="24" hits="0" branch="False" />
            <line number="25" hits="0" branch="False" />
            <line number="28" hits="207" branch="False" />
            <line number="29" hits="207" branch="False" />
          </lines>
        </class>
      </classes>
    </package>
  </packages>
</coverage>