<?xml version="1.0" encoding="UTF-8"?>
<coverage generated="1783652483802" clover="3.2.0">
  <project timestamp="1783652483802" name="All files">
    <metrics statements="6515" coveredstatements="5773" conditionals="3354" coveredconditionals="2351" methods="975" coveredmethods="765" elements="10844" coveredelements="8889" complexity="0" loc="6515" ncloc="6515" packages="19" files="74" classes="74"/>
    <package name="js">
      <metrics statements="275" coveredstatements="270" conditionals="145" coveredconditionals="134" methods="66" coveredmethods="65"/>
      <file name="api.ts" path="/home/JacobSeed/Desktop/Promise-Model-Online/PromiseModelOnline.Client/wwwroot/js/api.ts">
        <metrics statements="33" coveredstatements="33" conditionals="27" coveredconditionals="24" methods="7" coveredmethods="7"/>
        <line num="10" count="23" type="stmt"/>
        <line num="11" count="21" type="cond" truecount="1" falsecount="1"/>
        <line num="12" count="21" type="cond" truecount="2" falsecount="0"/>
        <line num="13" count="19" type="cond" truecount="2" falsecount="0"/>
        <line num="14" count="18" type="stmt"/>
        <line num="23" count="8" type="stmt"/>
        <line num="24" count="8" type="cond" truecount="2" falsecount="0"/>
        <line num="36" count="6" type="stmt"/>
        <line num="37" count="6" type="cond" truecount="2" falsecount="0"/>
        <line num="38" count="5" type="stmt"/>
        <line num="39" count="5" type="stmt"/>
        <line num="41" count="6" type="stmt"/>
        <line num="42" count="5" type="cond" truecount="1" falsecount="1"/>
        <line num="43" count="5" type="cond" truecount="4" falsecount="0"/>
        <line num="44" count="3" type="cond" truecount="2" falsecount="0"/>
        <line num="45" count="2" type="cond" truecount="1" falsecount="1"/>
        <line num="56" count="2" type="stmt"/>
        <line num="68" count="4" type="stmt"/>
        <line num="81" count="40" type="stmt"/>
        <line num="90" count="37" type="cond" truecount="2" falsecount="0"/>
        <line num="91" count="2" type="stmt"/>
        <line num="92" count="2" type="cond" truecount="2" falsecount="0"/>
        <line num="93" count="1" type="stmt"/>
        <line num="95" count="2" type="stmt"/>
        <line num="98" count="35" type="stmt"/>
        <line num="109" count="14" type="stmt"/>
        <line num="110" count="14" type="stmt"/>
        <line num="115" count="11" type="cond" truecount="2" falsecount="0"/>
        <line num="116" count="10" type="stmt"/>
        <line num="117" count="10" type="stmt"/>
        <line num="118" count="10" type="stmt"/>
        <line num="124" count="4" type="stmt"/>
        <line num="125" count="4" type="stmt"/>
      </file>
      <file name="auth-state.ts" path="/home/JacobSeed/Desktop/Promise-Model-Online/PromiseModelOnline.Client/wwwroot/js/auth-state.ts">
        <metrics statements="0" coveredstatements="0" conditionals="0" coveredconditionals="0" methods="0" coveredmethods="0"/>
      </file>
      <file name="guards.ts" path="/home/JacobSeed/Desktop/Promise-Model-Online/PromiseModelOnline.Client/wwwroot/js/guards.ts">
        <metrics statements="1" coveredstatements="1" conditionals="2" coveredconditionals="2" methods="1" coveredmethods="1"/>
        <line num="25" count="2" type="cond" truecount="2" falsecount="0"/>
      </file>
      <file name="home.ts" path="/home/JacobSeed/Desktop/Promise-Model-Online/PromiseModelOnline.Client/wwwroot/js/home.ts">
        <metrics statements="22" coveredstatements="21" conditionals="9" coveredconditionals="7" methods="3" coveredmethods="3"/>
        <line num="7" count="4" type="stmt"/>
        <line num="9" count="4" type="stmt"/>
        <line num="10" count="4" type="stmt"/>
        <line num="12" count="4" type="stmt"/>
        <line num="13" count="4" type="cond" truecount="2" falsecount="0"/>
        <line num="14" count="2" type="stmt"/>
        <line num="15" count="4" type="stmt"/>
        <line num="17" count="4" type="cond" truecount="2" falsecount="0"/>
        <line num="18" count="2" type="stmt"/>
        <line num="19" count="4" type="stmt"/>
        <line num="28" count="4" type="cond" truecount="1" falsecount="1"/>
        <line num="29" count="0" type="stmt"/>
        <line num="35" count="4" type="stmt"/>
        <line num="50" count="8" type="stmt"/>
        <line num="51" count="8" type="stmt"/>
        <line num="52" count="8" type="stmt"/>
        <line num="53" count="8" type="cond" truecount="1" falsecount="1"/>
        <line num="54" count="8" type="stmt"/>
        <line num="55" count="8" type="stmt"/>
        <line num="56" count="8" type="stmt"/>
        <line num="57" count="8" type="stmt"/>
        <line num="58" count="8" type="stmt"/>
      </file>
      <file name="router.ts" path="/home/JacobSeed/Desktop/Promise-Model-Online/PromiseModelOnline.Client/wwwroot/js/router.ts">
        <metrics statements="168" coveredstatements="167" conditionals="59" coveredconditionals="57" methods="44" coveredmethods="44"/>
        <line num="35" count="18" type="stmt"/>
        <line num="43" count="10" type="cond" truecount="2" falsecount="0"/>
        <line num="44" count="2" type="stmt"/>
        <line num="46" count="10" type="stmt"/>
        <line num="59" count="18" type="stmt"/>
        <line num="61" count="55" type="stmt"/>
        <line num="63" count="10" type="stmt"/>
        <line num="64" count="10" type="stmt"/>
        <line num="68" count="45" type="stmt"/>
        <line num="70" count="5" type="stmt"/>
        <line num="71" count="5" type="stmt"/>
        <line num="72" count="5" type="stmt"/>
        <line num="73" count="5" type="stmt"/>
        <line num="75" count="1" type="stmt"/>
        <line num="80" count="40" type="stmt"/>
        <line num="83" count="3" type="stmt"/>
        <line num="84" count="3" type="stmt"/>
        <line num="85" count="2" type="stmt"/>
        <line num="87" count="1" type="stmt"/>
        <line num="92" count="36" type="stmt"/>
        <line num="95" count="1" type="stmt"/>
        <line num="99" count="34" type="stmt"/>
        <line num="102" count="1" type="stmt"/>
        <line num="106" count="33" type="stmt"/>
        <line num="109" count="1" type="stmt"/>
        <line num="113" count="32" type="stmt"/>
        <line num="115" count="1" type="stmt"/>
        <line num="119" count="31" type="stmt"/>
        <line num="121" count="1" type="stmt"/>
        <line num="125" count="30" type="stmt"/>
        <line num="127" count="1" type="stmt"/>
        <line num="131" count="29" type="stmt"/>
        <line num="134" count="1" type="stmt"/>
        <line num="135" count="1" type="stmt"/>
        <line num="139" count="28" type="stmt"/>
        <line num="142" count="1" type="stmt"/>
        <line num="143" count="1" type="stmt"/>
        <line num="152" count="18" type="cond" truecount="2" falsecount="0"/>
        <line num="153" count="2" type="stmt"/>
        <line num="154" count="2" type="stmt"/>
        <line num="156" count="1" type="stmt"/>
        <line num="166" count="18" type="stmt"/>
        <line num="168" count="18" type="stmt"/>
        <line num="169" count="18" type="stmt"/>
        <line num="171" count="18" type="stmt"/>
        <line num="173" count="18" type="stmt"/>
        <line num="175" count="18" type="stmt"/>
        <line num="177" count="18" type="stmt"/>
        <line num="178" count="14" type="stmt"/>
        <line num="179" count="14" type="cond" truecount="2" falsecount="0"/>
        <line num="180" count="3" type="stmt"/>
        <line num="181" count="3" type="cond" truecount="4" falsecount="0"/>
        <line num="182" count="1" type="stmt"/>
        <line num="183" count="1" type="stmt"/>
        <line num="184" count="1" type="stmt"/>
        <line num="188" count="13" type="stmt"/>
        <line num="189" count="13" type="cond" truecount="2" falsecount="0"/>
        <line num="190" count="1" type="stmt"/>
        <line num="191" count="1" type="stmt"/>
        <line num="195" count="18" type="stmt"/>
        <line num="196" count="1" type="stmt"/>
        <line num="197" count="1" type="stmt"/>
        <line num="200" count="18" type="stmt"/>
        <line num="201" count="1" type="stmt"/>
        <line num="204" count="18" type="stmt"/>
        <line num="206" count="18" type="stmt"/>
        <line num="209" count="18" type="stmt"/>
        <line num="219" count="5" type="stmt"/>
        <line num="220" count="5" type="stmt"/>
        <line num="224" count="18" type="stmt"/>
        <line num="239" count="101" type="stmt"/>
        <line num="240" count="101" type="cond" truecount="2" falsecount="0"/>
        <line num="241" count="48" type="stmt"/>
        <line num="242" count="48" type="stmt"/>
        <line num="243" count="48" type="cond" truecount="5" falsecount="0"/>
        <line num="244" count="47" type="stmt"/>
        <line num="253" count="101" type="stmt"/>
        <line num="254" count="101" type="cond" truecount="2" falsecount="0"/>
        <line num="255" count="100" type="stmt"/>
        <line num="256" count="100" type="cond" truecount="2" falsecount="0"/>
        <line num="257" count="73" type="stmt"/>
        <line num="258" count="73" type="cond" truecount="2" falsecount="0"/>
        <line num="259" count="73" type="stmt"/>
        <line num="261" count="100" type="stmt"/>
        <line num="271" count="100" type="stmt"/>
        <line num="272" count="69" type="cond" truecount="2" falsecount="0"/>
        <line num="273" count="68" type="stmt"/>
        <line num="274" count="68" type="stmt"/>
        <line num="275" count="68" type="stmt"/>
        <line num="276" count="68" type="stmt"/>
        <line num="277" count="68" type="stmt"/>
        <line num="278" count="68" type="stmt"/>
        <line num="301" count="6" type="stmt"/>
        <line num="302" count="6" type="cond" truecount="4" falsecount="0"/>
        <line num="303" count="4" type="stmt"/>
        <line num="304" count="4" type="stmt"/>
        <line num="305" count="4" type="stmt"/>
        <line num="306" count="2" type="stmt"/>
        <line num="308" count="2" type="stmt"/>
        <line num="309" count="2" type="stmt"/>
        <line num="313" count="4" type="stmt"/>
        <line num="315" count="2" type="stmt"/>
        <line num="323" count="5" type="stmt"/>
        <line num="333" count="31" type="stmt"/>
        <line num="334" count="31" type="stmt"/>
        <line num="335" count="31" type="stmt"/>
        <line num="336" count="15" type="stmt"/>
        <line num="337" count="15" type="stmt"/>
        <line num="338" count="15" type="stmt"/>
        <line num="339" count="15" type="stmt"/>
        <line num="340" count="15" type="stmt"/>
        <line num="341" count="15" type="stmt"/>
        <line num="342" count="15" type="stmt"/>
        <line num="343" count="15" type="cond" truecount="2" falsecount="0"/>
        <line num="344" count="15" type="cond" truecount="2" falsecount="0"/>
        <line num="345" count="15" type="stmt"/>
        <line num="348" count="16" type="stmt"/>
        <line num="349" count="16" type="stmt"/>
        <line num="350" count="16" type="stmt"/>
        <line num="351" count="16" type="stmt"/>
        <line num="352" count="16" type="stmt"/>
        <line num="353" count="16" type="stmt"/>
        <line num="354" count="16" type="stmt"/>
        <line num="355" count="16" type="stmt"/>
        <line num="356" count="16" type="stmt"/>
        <line num="368" count="9" type="cond" truecount="2" falsecount="0"/>
        <line num="369" count="5" type="stmt"/>
        <line num="370" count="5" type="stmt"/>
        <line num="371" count="5" type="stmt"/>
        <line num="372" count="5" type="stmt"/>
        <line num="373" count="5" type="stmt"/>
        <line num="374" count="5" type="stmt"/>
        <line num="386" count="28" type="cond" truecount="2" falsecount="0"/>
        <line num="387" count="10" type="stmt"/>
        <line num="388" count="10" type="cond" truecount="2" falsecount="0"/>
        <line num="389" count="2" type="cond" truecount="2" falsecount="0"/>
        <line num="390" count="1" type="stmt"/>
        <line num="392" count="2" type="stmt"/>
        <line num="394" count="8" type="stmt"/>
        <line num="405" count="393" type="stmt"/>
        <line num="406" count="55" type="cond" truecount="2" falsecount="0"/>
        <line num="407" count="28" type="cond" truecount="2" falsecount="0"/>
        <line num="408" count="26" type="stmt"/>
        <line num="409" count="26" type="stmt"/>
        <line num="421" count="9" type="stmt"/>
        <line num="422" count="9" type="stmt"/>
        <line num="423" count="9" type="cond" truecount="1" falsecount="1"/>
        <line num="425" count="9" type="cond" truecount="2" falsecount="0"/>
        <line num="426" count="4" type="stmt"/>
        <line num="427" count="4" type="stmt"/>
        <line num="429" count="1" type="stmt"/>
        <line num="432" count="5" type="stmt"/>
        <line num="433" count="5" type="stmt"/>
        <line num="434" count="5" type="stmt"/>
        <line num="436" count="2" type="stmt"/>
        <line num="447" count="59" type="stmt"/>
        <line num="449" count="59" type="cond" truecount="2" falsecount="0"/>
        <line num="452" count="4" type="cond" truecount="1" falsecount="1"/>
        <line num="453" count="0" type="stmt"/>
        <line num="455" count="4" type="stmt"/>
        <line num="458" count="55" type="stmt"/>
        <line num="460" count="55" type="cond" truecount="2" falsecount="0"/>
        <line num="462" count="27" type="stmt"/>
        <line num="463" count="27" type="cond" truecount="2" falsecount="0"/>
        <line num="464" count="9" type="stmt"/>
        <line num="466" count="18" type="stmt"/>
        <line num="467" count="18" type="stmt"/>
        <line num="469" count="6" type="stmt"/>
      </file>
      <file name="telemetry.ts" path="/home/JacobSeed/Desktop/Promise-Model-Online/PromiseModelOnline.Client/wwwroot/js/telemetry.ts">
        <metrics statements="51" coveredstatements="48" conditionals="48" coveredconditionals="44" methods="11" coveredmethods="10"/>
        <line num="32" count="60" type="stmt"/>
        <line num="33" count="60" type="stmt"/>
        <line num="34" count="60" type="stmt"/>
        <line num="35" count="60" type="stmt"/>
        <line num="37" count="60" type="stmt"/>
        <line num="48" count="105" type="cond" truecount="4" falsecount="0"/>
        <line num="49" count="104" type="cond" truecount="4" falsecount="0"/>
        <line num="50" count="2" type="stmt"/>
        <line num="52" count="102" type="stmt"/>
        <line num="53" count="102" type="stmt"/>
        <line num="62" count="73" type="stmt"/>
        <line num="63" count="73" type="stmt"/>
        <line num="64" count="127" type="cond" truecount="2" falsecount="0"/>
        <line num="65" count="121" type="cond" truecount="2" falsecount="0"/>
        <line num="66" count="120" type="cond" truecount="4" falsecount="0"/>
        <line num="67" count="56" type="cond" truecount="4" falsecount="0"/>
        <line num="68" count="7" type="stmt"/>
        <line num="77" count="57" type="cond" truecount="2" falsecount="0"/>
        <line num="78" count="57" type="cond" truecount="2" falsecount="0"/>
        <line num="79" count="57" type="stmt"/>
        <line num="80" count="57" type="stmt"/>
        <line num="81" count="57" type="stmt"/>
        <line num="83" count="57" type="stmt"/>
        <line num="99" count="57" type="cond" truecount="1" falsecount="1"/>
        <line num="100" count="57" type="stmt"/>
        <line num="101" count="57" type="stmt"/>
        <line num="102" count="57" type="stmt"/>
        <line num="103" count="57" type="stmt"/>
        <line num="114" count="43" type="cond" truecount="2" falsecount="0"/>
        <line num="115" count="42" type="cond" truecount="1" falsecount="1"/>
        <line num="116" count="42" type="stmt"/>
        <line num="117" count="42" type="cond" truecount="4" falsecount="0"/>
        <line num="118" count="29" type="stmt"/>
        <line num="119" count="0" type="stmt"/>
        <line num="120" count="0" type="cond" truecount="0" falsecount="2"/>
        <line num="121" count="0" type="stmt"/>
        <line num="125" count="29" type="stmt"/>
        <line num="132" count="43" type="stmt"/>
        <line num="133" count="358" type="cond" truecount="2" falsecount="0"/>
        <line num="134" count="251" type="stmt"/>
        <line num="137" count="43" type="stmt"/>
        <line num="138" count="23" type="cond" truecount="2" falsecount="0"/>
        <line num="139" count="12" type="stmt"/>
        <line num="140" count="12" type="cond" truecount="2" falsecount="0"/>
        <line num="141" count="23" type="stmt"/>
        <line num="150" count="49" type="cond" truecount="2" falsecount="0"/>
        <line num="151" count="48" type="cond" truecount="2" falsecount="0"/>
        <line num="153" count="43" type="stmt"/>
        <line num="154" count="43" type="stmt"/>
        <line num="155" count="43" type="stmt"/>
        <line num="156" count="43" type="stmt"/>
      </file>
    </package>
    <package name="js.account">
      <metrics statements="94" coveredstatements="91" conditionals="44" coveredconditionals="41" methods="16" coveredmethods="15"/>
      <file name="delete-account.ts" path="/home/JacobSeed/Desktop/Promise-Model-Online/PromiseModelOnline.Client/wwwroot/js/account/delete-account.ts">
        <metrics statements="79" coveredstatements="76" conditionals="36" coveredconditionals="33" methods="10" coveredmethods="9"/>
        <line num="5" count="14" type="stmt"/>
        <line num="6" count="14" type="stmt"/>
        <line num="7" count="14" type="stmt"/>
        <line num="8" count="14" type="stmt"/>
        <line num="9" count="14" type="stmt"/>
        <line num="10" count="14" type="stmt"/>
        <line num="11" count="14" type="stmt"/>
        <line num="13" count="14" type="stmt"/>
        <line num="14" count="14" type="stmt"/>
        <line num="15" count="14" type="stmt"/>
        <line num="16" count="14" type="stmt"/>
        <line num="18" count="14" type="stmt"/>
        <line num="20" count="14" type="cond" truecount="4" falsecount="0"/>
        <line num="22" count="13" type="stmt"/>
        <line num="23" count="0" type="stmt"/>
        <line num="24" count="0" type="stmt"/>
        <line num="25" count="0" type="stmt"/>
        <line num="28" count="13" type="stmt"/>
        <line num="29" count="5" type="cond" truecount="1" falsecount="1"/>
        <line num="30" count="5" type="stmt"/>
        <line num="32" count="5" type="stmt"/>
        <line num="33" count="5" type="stmt"/>
        <line num="34" count="4" type="cond" truecount="2" falsecount="0"/>
        <line num="36" count="3" type="stmt"/>
        <line num="37" count="3" type="stmt"/>
        <line num="39" count="1" type="stmt"/>
        <line num="41" count="3" type="cond" truecount="2" falsecount="0"/>
        <line num="42" count="3" type="stmt"/>
        <line num="45" count="1" type="stmt"/>
        <line num="46" count="1" type="stmt"/>
        <line num="47" count="1" type="stmt"/>
        <line num="48" count="1" type="stmt"/>
        <line num="49" count="1" type="stmt"/>
        <line num="50" count="1" type="stmt"/>
        <line num="51" count="1" type="stmt"/>
        <line num="52" count="1" type="stmt"/>
        <line num="53" count="1" type="stmt"/>
        <line num="55" count="1" type="stmt"/>
        <line num="57" count="5" type="stmt"/>
        <line num="66" count="4" type="cond" truecount="1" falsecount="1"/>
        <line num="67" count="4" type="stmt"/>
        <line num="68" count="4" type="stmt"/>
        <line num="76" count="10" type="cond" truecount="4" falsecount="1"/>
        <line num="77" count="10" type="stmt"/>
        <line num="78" count="10" type="stmt"/>
        <line num="79" count="10" type="stmt"/>
        <line num="82" count="13" type="cond" truecount="9" falsecount="0"/>
        <line num="84" count="12" type="stmt"/>
        <line num="85" count="7" type="stmt"/>
        <line num="86" count="7" type="stmt"/>
        <line num="87" count="7" type="stmt"/>
        <line num="89" count="7" type="stmt"/>
        <line num="90" count="7" type="cond" truecount="2" falsecount="0"/>
        <line num="91" count="1" type="stmt"/>
        <line num="92" count="1" type="stmt"/>
        <line num="95" count="6" type="stmt"/>
        <line num="97" count="6" type="stmt"/>
        <line num="98" count="6" type="stmt"/>
        <line num="103" count="5" type="cond" truecount="4" falsecount="0"/>
        <line num="104" count="1" type="stmt"/>
        <line num="105" count="1" type="stmt"/>
        <line num="106" count="1" type="stmt"/>
        <line num="109" count="4" type="stmt"/>
        <line num="116" count="4" type="cond" truecount="2" falsecount="0"/>
        <line num="117" count="2" type="stmt"/>
        <line num="121" count="2" type="stmt"/>
        <line num="122" count="2" type="stmt"/>
        <line num="123" count="2" type="stmt"/>
        <line num="124" count="2" type="stmt"/>
        <line num="126" count="2" type="cond" truecount="2" falsecount="0"/>
        <line num="127" count="1" type="stmt"/>
        <line num="129" count="1" type="stmt"/>
        <line num="132" count="1" type="stmt"/>
        <line num="134" count="6" type="stmt"/>
        <line num="143" count="5" type="stmt"/>
        <line num="144" count="5" type="stmt"/>
        <line num="152" count="13" type="stmt"/>
        <line num="153" count="13" type="stmt"/>
        <line num="154" count="13" type="stmt"/>
      </file>
      <file name="preferences.ts" path="/home/JacobSeed/Desktop/Promise-Model-Online/PromiseModelOnline.Client/wwwroot/js/account/preferences.ts">
        <metrics statements="15" coveredstatements="15" conditionals="8" coveredconditionals="8" methods="6" coveredmethods="6"/>
        <line num="1" count="13" type="stmt"/>
        <line num="8" count="7" type="stmt"/>
        <line num="13" count="2" type="stmt"/>
        <line num="18" count="1" type="stmt"/>
        <line num="27" count="10" type="cond" truecount="2" falsecount="0"/>
        <line num="34" count="9" type="stmt"/>
        <line num="35" count="9" type="stmt"/>
        <line num="36" count="9" type="cond" truecount="4" falsecount="0"/>
        <line num="38" count="7" type="stmt"/>
        <line num="39" count="7" type="stmt"/>
        <line num="41" count="7" type="stmt"/>
        <line num="42" count="3" type="cond" truecount="2" falsecount="0"/>
        <line num="43" count="2" type="stmt"/>
        <line num="45" count="1" type="stmt"/>
        <line num="47" count="3" type="stmt"/>
      </file>
    </package>
    <package name="js.comments">
      <metrics statements="285" coveredstatements="275" conditionals="119" coveredconditionals="93" methods="31" coveredmethods="28"/>
      <file name="api.ts" path="/home/JacobSeed/Desktop/Promise-Model-Online/PromiseModelOnline.Client/wwwroot/js/comments/api.ts">
        <metrics statements="2" coveredstatements="2" conditionals="0" coveredconditionals="0" methods="2" coveredmethods="2"/>
        <line num="11" count="17" type="stmt"/>
        <line num="19" count="10" type="stmt"/>
      </file>
      <file name="autocomplete.api.ts" path="/home/JacobSeed/Desktop/Promise-Model-Online/PromiseModelOnline.Client/wwwroot/js/comments/autocomplete.api.ts">
        <metrics statements="4" coveredstatements="0" conditionals="0" coveredconditionals="0" methods="2" coveredmethods="0"/>
        <line num="11" count="0" type="stmt"/>
        <line num="12" count="0" type="stmt"/>
        <line num="23" count="0" type="stmt"/>
        <line num="24" count="0" type="stmt"/>
      </file>
      <file name="autocomplete.ts" path="/home/JacobSeed/Desktop/Promise-Model-Online/PromiseModelOnline.Client/wwwroot/js/comments/autocomplete.ts">
        <metrics statements="162" coveredstatements="156" conditionals="89" coveredconditionals="65" methods="21" coveredmethods="20"/>
        <line num="27" count="22" type="stmt"/>
        <line num="28" count="22" type="stmt"/>
        <line num="29" count="22" type="stmt"/>
        <line num="30" count="22" type="stmt"/>
        <line num="31" count="22" type="stmt"/>
        <line num="33" count="22" type="stmt"/>
        <line num="46" count="14" type="stmt"/>
        <line num="47" count="14" type="stmt"/>
        <line num="49" count="14" type="stmt"/>
        <line num="50" count="14" type="cond" truecount="2" falsecount="0"/>
        <line num="51" count="26" type="stmt"/>
        <line num="54" count="14" type="stmt"/>
        <line num="56" count="14" type="cond" truecount="4" falsecount="1"/>
        <line num="57" count="14" type="stmt"/>
        <line num="58" count="14" type="stmt"/>
        <line num="59" count="14" type="cond" truecount="4" falsecount="0"/>
        <line num="60" count="12" type="stmt"/>
        <line num="62" count="2" type="cond" truecount="1" falsecount="1"/>
        <line num="63" count="2" type="stmt"/>
        <line num="75" count="12" type="stmt"/>
        <line num="76" count="12" type="stmt"/>
        <line num="78" count="12" type="stmt"/>
        <line num="86" count="12" type="stmt"/>
        <line num="87" count="12" type="stmt"/>
        <line num="88" count="252" type="stmt"/>
        <line num="90" count="12" type="stmt"/>
        <line num="91" count="12" type="stmt"/>
        <line num="92" count="12" type="stmt"/>
        <line num="93" count="12" type="stmt"/>
        <line num="94" count="12" type="stmt"/>
        <line num="95" count="12" type="stmt"/>
        <line num="96" count="12" type="stmt"/>
        <line num="97" count="12" type="stmt"/>
        <line num="98" count="12" type="stmt"/>
        <line num="100" count="12" type="stmt"/>
        <line num="101" count="12" type="stmt"/>
        <line num="102" count="12" type="stmt"/>
        <line num="103" count="12" type="cond" truecount="1" falsecount="1"/>
        <line num="104" count="12" type="stmt"/>
        <line num="106" count="12" type="stmt"/>
        <line num="107" count="12" type="stmt"/>
        <line num="108" count="12" type="stmt"/>
        <line num="110" count="12" type="stmt"/>
        <line num="115" count="12" type="stmt"/>
        <line num="116" count="12" type="stmt"/>
        <line num="117" count="12" type="cond" truecount="2" falsecount="0"/>
        <line num="118" count="12" type="cond" truecount="2" falsecount="0"/>
        <line num="119" count="12" type="cond" truecount="3" falsecount="0"/>
        <line num="121" count="12" type="stmt"/>
        <line num="123" count="12" type="stmt"/>
        <line num="124" count="12" type="stmt"/>
        <line num="126" count="12" type="stmt"/>
        <line num="127" count="12" type="stmt"/>
        <line num="128" count="12" type="stmt"/>
        <line num="140" count="14" type="stmt"/>
        <line num="141" count="14" type="cond" truecount="2" falsecount="0"/>
        <line num="143" count="1" type="stmt"/>
        <line num="144" count="1" type="stmt"/>
        <line num="147" count="13" type="cond" truecount="4" falsecount="0"/>
        <line num="148" count="12" type="stmt"/>
        <line num="150" count="1" type="stmt"/>
        <line num="163" count="12" type="stmt"/>
        <line num="164" count="12" type="stmt"/>
        <line num="165" count="12" type="stmt"/>
        <line num="166" count="12" type="stmt"/>
        <line num="167" count="12" type="stmt"/>
        <line num="169" count="12" type="stmt"/>
        <line num="170" count="12" type="stmt"/>
        <line num="171" count="12" type="stmt"/>
        <line num="177" count="14" type="stmt"/>
        <line num="179" count="14" type="stmt"/>
        <line num="180" count="18" type="stmt"/>
        <line num="181" count="18" type="stmt"/>
        <line num="182" count="18" type="stmt"/>
        <line num="184" count="18" type="stmt"/>
        <line num="185" count="18" type="stmt"/>
        <line num="187" count="18" type="cond" truecount="6" falsecount="5"/>
        <line num="189" count="18" type="stmt"/>
        <line num="190" count="18" type="stmt"/>
        <line num="191" count="1" type="stmt"/>
        <line num="192" count="1" type="stmt"/>
        <line num="195" count="18" type="stmt"/>
        <line num="198" count="18" type="stmt"/>
        <line num="199" count="18" type="cond" truecount="2" falsecount="0"/>
        <line num="200" count="14" type="stmt"/>
        <line num="206" count="1" type="cond" truecount="1" falsecount="1"/>
        <line num="207" count="1" type="stmt"/>
        <line num="208" count="1" type="stmt"/>
        <line num="213" count="1" type="cond" truecount="1" falsecount="1"/>
        <line num="214" count="1" type="stmt"/>
        <line num="215" count="1" type="stmt"/>
        <line num="223" count="4" type="stmt"/>
        <line num="224" count="4" type="cond" truecount="1" falsecount="1"/>
        <line num="226" count="4" type="cond" truecount="1" falsecount="1"/>
        <line num="227" count="0" type="stmt"/>
        <line num="228" count="0" type="stmt"/>
        <line num="231" count="4" type="cond" truecount="5" falsecount="4"/>
        <line num="233" count="4" type="stmt"/>
        <line num="234" count="4" type="stmt"/>
        <line num="235" count="4" type="stmt"/>
        <line num="236" count="4" type="stmt"/>
        <line num="238" count="4" type="stmt"/>
        <line num="239" count="4" type="stmt"/>
        <line num="240" count="4" type="stmt"/>
        <line num="242" count="4" type="stmt"/>
        <line num="243" count="4" type="stmt"/>
        <line num="248" count="3" type="stmt"/>
        <line num="253" count="23" type="stmt"/>
        <line num="254" count="23" type="stmt"/>
        <line num="255" count="23" type="stmt"/>
        <line num="256" count="23" type="stmt"/>
        <line num="257" count="23" type="stmt"/>
        <line num="258" count="23" type="stmt"/>
        <line num="263" count="14" type="cond" truecount="1" falsecount="1"/>
        <line num="264" count="14" type="stmt"/>
        <line num="265" count="14" type="stmt"/>
        <line num="266" count="14" type="cond" truecount="1" falsecount="1"/>
        <line num="267" count="14" type="stmt"/>
        <line num="269" count="0" type="stmt"/>
        <line num="279" count="6" type="cond" truecount="1" falsecount="1"/>
        <line num="281" count="6" type="cond" truecount="5" falsecount="0"/>
        <line num="283" count="1" type="stmt"/>
        <line num="284" count="1" type="stmt"/>
        <line num="285" count="1" type="stmt"/>
        <line num="288" count="1" type="stmt"/>
        <line num="289" count="1" type="stmt"/>
        <line num="290" count="1" type="stmt"/>
        <line num="293" count="1" type="stmt"/>
        <line num="294" count="1" type="cond" truecount="1" falsecount="1"/>
        <line num="295" count="1" type="stmt"/>
        <line num="297" count="0" type="stmt"/>
        <line num="299" count="1" type="stmt"/>
        <line num="302" count="2" type="stmt"/>
        <line num="303" count="2" type="cond" truecount="1" falsecount="1"/>
        <line num="304" count="2" type="stmt"/>
        <line num="306" count="2" type="stmt"/>
        <line num="309" count="1" type="stmt"/>
        <line num="310" count="1" type="stmt"/>
        <line num="311" count="1" type="stmt"/>
        <line num="312" count="1" type="stmt"/>
        <line num="319" count="1" type="stmt"/>
        <line num="320" count="1" type="cond" truecount="3" falsecount="1"/>
        <line num="321" count="1" type="stmt"/>
        <line num="331" count="15" type="cond" truecount="3" falsecount="1"/>
        <line num="332" count="15" type="stmt"/>
        <line num="337" count="0" type="stmt"/>
        <line num="340" count="22" type="stmt"/>
        <line num="341" count="22" type="stmt"/>
        <line num="342" count="22" type="stmt"/>
        <line num="343" count="22" type="stmt"/>
        <line num="345" count="22" type="stmt"/>
        <line num="346" count="22" type="cond" truecount="2" falsecount="0"/>
        <line num="347" count="2" type="stmt"/>
        <line num="350" count="22" type="stmt"/>
        <line num="352" count="18" type="stmt"/>
        <line num="353" count="18" type="stmt"/>
        <line num="354" count="18" type="stmt"/>
        <line num="355" count="18" type="stmt"/>
        <line num="356" count="18" type="cond" truecount="1" falsecount="1"/>
        <line num="357" count="0" type="stmt"/>
        <line num="359" count="18" type="cond" truecount="2" falsecount="0"/>
        <line num="360" count="17" type="stmt"/>
      </file>
      <file name="comments.ts" path="/home/JacobSeed/Desktop/Promise-Model-Online/PromiseModelOnline.Client/wwwroot/js/comments/comments.ts">
        <metrics statements="117" coveredstatements="117" conditionals="30" coveredconditionals="28" methods="6" coveredmethods="6"/>
        <line num="18" count="16" type="stmt"/>
        <line num="20" count="16" type="stmt"/>
        <line num="21" count="16" type="stmt"/>
        <line num="22" count="16" type="stmt"/>
        <line num="23" count="16" type="stmt"/>
        <line num="25" count="16" type="stmt"/>
        <line num="26" count="16" type="stmt"/>
        <line num="27" count="16" type="stmt"/>
        <line num="28" count="16" type="stmt"/>
        <line num="30" count="16" type="cond" truecount="2" falsecount="0"/>
        <line num="31" count="8" type="stmt"/>
        <line num="32" count="8" type="stmt"/>
        <line num="33" count="8" type="stmt"/>
        <line num="34" count="8" type="stmt"/>
        <line num="36" count="8" type="stmt"/>
        <line num="37" count="8" type="stmt"/>
        <line num="38" count="8" type="stmt"/>
        <line num="39" count="8" type="stmt"/>
        <line num="40" count="8" type="stmt"/>
        <line num="42" count="8" type="stmt"/>
        <line num="43" count="8" type="stmt"/>
        <line num="44" count="8" type="stmt"/>
        <line num="45" count="8" type="stmt"/>
        <line num="46" count="8" type="stmt"/>
        <line num="47" count="8" type="stmt"/>
        <line num="48" count="8" type="stmt"/>
        <line num="50" count="8" type="stmt"/>
        <line num="51" count="8" type="stmt"/>
        <line num="52" count="8" type="stmt"/>
        <line num="53" count="8" type="stmt"/>
        <line num="54" count="8" type="stmt"/>
        <line num="56" count="8" type="stmt"/>
        <line num="59" count="16" type="stmt"/>
        <line num="61" count="16" type="stmt"/>
        <line num="62" count="16" type="stmt"/>
        <line num="66" count="15" type="stmt"/>
        <line num="68" count="2" type="stmt"/>
        <line num="69" count="2" type="stmt"/>
        <line num="70" count="2" type="stmt"/>
        <line num="71" count="2" type="stmt"/>
        <line num="72" count="2" type="stmt"/>
        <line num="75" count="16" type="cond" truecount="2" falsecount="0"/>
        <line num="76" count="8" type="stmt"/>
        <line num="77" count="8" type="stmt"/>
        <line num="79" count="8" type="cond" truecount="1" falsecount="1"/>
        <line num="80" count="8" type="stmt"/>
        <line num="83" count="8" type="cond" truecount="3" falsecount="1"/>
        <line num="90" count="8" type="stmt"/>
        <line num="91" count="5" type="stmt"/>
        <line num="92" count="5" type="stmt"/>
        <line num="93" count="5" type="cond" truecount="2" falsecount="0"/>
        <line num="94" count="4" type="stmt"/>
        <line num="95" count="4" type="stmt"/>
        <line num="96" count="4" type="stmt"/>
        <line num="97" count="3" type="stmt"/>
        <line num="98" count="3" type="stmt"/>
        <line num="106" count="3" type="stmt"/>
        <line num="107" count="3" type="stmt"/>
        <line num="110" count="1" type="stmt"/>
        <line num="111" count="1" type="stmt"/>
        <line num="124" count="15" type="stmt"/>
        <line num="125" count="15" type="cond" truecount="4" falsecount="0"/>
        <line num="126" count="7" type="stmt"/>
        <line num="127" count="7" type="stmt"/>
        <line num="128" count="7" type="stmt"/>
        <line num="129" count="7" type="stmt"/>
        <line num="130" count="7" type="stmt"/>
        <line num="131" count="7" type="stmt"/>
        <line num="132" count="7" type="stmt"/>
        <line num="133" count="7" type="stmt"/>
        <line num="134" count="7" type="stmt"/>
        <line num="135" count="7" type="stmt"/>
        <line num="136" count="7" type="stmt"/>
        <line num="137" count="7" type="stmt"/>
        <line num="138" count="7" type="cond" truecount="2" falsecount="0"/>
        <line num="139" count="6" type="stmt"/>
        <line num="140" count="6" type="stmt"/>
        <line num="141" count="6" type="stmt"/>
        <line num="142" count="6" type="stmt"/>
        <line num="144" count="7" type="stmt"/>
        <line num="145" count="7" type="stmt"/>
        <line num="147" count="8" type="stmt"/>
        <line num="148" count="8" type="stmt"/>
        <line num="149" count="7" type="stmt"/>
        <line num="157" count="3" type="stmt"/>
        <line num="158" count="3" type="cond" truecount="2" falsecount="0"/>
        <line num="159" count="3" type="stmt"/>
        <line num="167" count="11" type="stmt"/>
        <line num="168" count="11" type="stmt"/>
        <line num="169" count="11" type="cond" truecount="3" falsecount="0"/>
        <line num="171" count="11" type="stmt"/>
        <line num="172" count="11" type="stmt"/>
        <line num="173" count="11" type="stmt"/>
        <line num="174" count="11" type="stmt"/>
        <line num="175" count="11" type="stmt"/>
        <line num="176" count="11" type="stmt"/>
        <line num="178" count="11" type="stmt"/>
        <line num="179" count="11" type="stmt"/>
        <line num="180" count="11" type="stmt"/>
        <line num="181" count="11" type="stmt"/>
        <line num="183" count="11" type="cond" truecount="2" falsecount="0"/>
        <line num="184" count="1" type="stmt"/>
        <line num="185" count="1" type="stmt"/>
        <line num="186" count="1" type="stmt"/>
        <line num="187" count="1" type="stmt"/>
        <line num="190" count="11" type="cond" truecount="2" falsecount="0"/>
        <line num="191" count="3" type="stmt"/>
        <line num="192" count="3" type="stmt"/>
        <line num="193" count="3" type="stmt"/>
        <line num="194" count="3" type="stmt"/>
        <line num="195" count="3" type="stmt"/>
        <line num="196" count="3" type="stmt"/>
        <line num="197" count="3" type="cond" truecount="3" falsecount="0"/>
        <line num="198" count="3" type="stmt"/>
        <line num="199" count="3" type="stmt"/>
        <line num="201" count="3" type="stmt"/>
        <line num="204" count="11" type="stmt"/>
      </file>
    </package>
    <package name="js.epics">
      <metrics statements="139" coveredstatements="139" conditionals="56" coveredconditionals="48" methods="14" coveredmethods="12"/>
      <file name="api.ts" path="/home/JacobSeed/Desktop/Promise-Model-Online/PromiseModelOnline.Client/wwwroot/js/epics/api.ts">
        <metrics statements="5" coveredstatements="5" conditionals="0" coveredconditionals="0" methods="5" coveredmethods="3"/>
        <line num="3" count="10" type="stmt"/>
        <line num="4" count="10" type="stmt"/>
        <line num="5" count="10" type="stmt"/>
        <line num="6" count="10" type="stmt"/>
        <line num="7" count="10" type="stmt"/>
      </file>
      <file name="detail.ts" path="/home/JacobSeed/Desktop/Promise-Model-Online/PromiseModelOnline.Client/wwwroot/js/epics/detail.ts">
        <metrics statements="134" coveredstatements="134" conditionals="56" coveredconditionals="48" methods="9" coveredmethods="9"/>
        <line num="54" count="30" type="stmt"/>
        <line num="55" count="30" type="stmt"/>
        <line num="56" count="30" type="stmt"/>
        <line num="57" count="29" type="cond" truecount="1" falsecount="1"/>
        <line num="58" count="30" type="cond" truecount="1" falsecount="1"/>
        <line num="59" count="30" type="cond" truecount="2" falsecount="0"/>
        <line num="60" count="29" type="stmt"/>
        <line num="61" count="29" type="stmt"/>
        <line num="62" count="29" type="stmt"/>
        <line num="63" count="29" type="stmt"/>
        <line num="64" count="29" type="cond" truecount="1" falsecount="1"/>
        <line num="65" count="29" type="stmt"/>
        <line num="66" count="29" type="stmt"/>
        <line num="67" count="29" type="stmt"/>
        <line num="68" count="29" type="cond" truecount="1" falsecount="1"/>
        <line num="69" count="29" type="stmt"/>
        <line num="70" count="29" type="stmt"/>
        <line num="71" count="29" type="stmt"/>
        <line num="72" count="29" type="cond" truecount="1" falsecount="1"/>
        <line num="74" count="29" type="cond" truecount="1" falsecount="1"/>
        <line num="75" count="29" type="stmt"/>
        <line num="76" count="3" type="stmt"/>
        <line num="77" count="3" type="cond" truecount="5" falsecount="0"/>
        <line num="78" count="1" type="stmt"/>
        <line num="79" count="1" type="stmt"/>
        <line num="83" count="1" type="cond" truecount="1" falsecount="1"/>
        <line num="98" count="30" type="stmt"/>
        <line num="99" count="30" type="cond" truecount="1" falsecount="1"/>
        <line num="101" count="30" type="stmt"/>
        <line num="102" count="30" type="stmt"/>
        <line num="103" count="29" type="stmt"/>
        <line num="104" count="29" type="stmt"/>
        <line num="109" count="54" type="stmt"/>
        <line num="110" count="54" type="stmt"/>
        <line num="115" count="29" type="stmt"/>
        <line num="128" count="30" type="stmt"/>
        <line num="136" count="29" type="stmt"/>
        <line num="141" count="29" type="stmt"/>
        <line num="148" count="30" type="stmt"/>
        <line num="150" count="1" type="stmt"/>
        <line num="151" count="1" type="stmt"/>
        <line num="152" count="1" type="stmt"/>
        <line num="153" count="1" type="stmt"/>
        <line num="154" count="1" type="stmt"/>
        <line num="165" count="30" type="stmt"/>
        <line num="166" count="30" type="cond" truecount="4" falsecount="0"/>
        <line num="167" count="28" type="stmt"/>
        <line num="168" count="28" type="cond" truecount="2" falsecount="0"/>
        <line num="181" count="37" type="stmt"/>
        <line num="182" count="37" type="stmt"/>
        <line num="183" count="37" type="stmt"/>
        <line num="185" count="37" type="stmt"/>
        <line num="186" count="37" type="cond" truecount="2" falsecount="0"/>
        <line num="187" count="34" type="cond" truecount="2" falsecount="0"/>
        <line num="188" count="34" type="cond" truecount="2" falsecount="0"/>
        <line num="190" count="34" type="stmt"/>
        <line num="191" count="34" type="stmt"/>
        <line num="192" count="32" type="cond" truecount="2" falsecount="0"/>
        <line num="193" count="30" type="stmt"/>
        <line num="195" count="30" type="cond" truecount="2" falsecount="0"/>
        <line num="197" count="30" type="stmt"/>
        <line num="204" count="30" type="stmt"/>
        <line num="205" count="30" type="stmt"/>
        <line num="207" count="30" type="stmt"/>
        <line num="208" count="30" type="stmt"/>
        <line num="209" count="30" type="stmt"/>
        <line num="211" count="30" type="stmt"/>
        <line num="212" count="30" type="stmt"/>
        <line num="214" count="30" type="stmt"/>
        <line num="215" count="30" type="stmt"/>
        <line num="216" count="30" type="stmt"/>
        <line num="217" count="30" type="stmt"/>
        <line num="218" count="30" type="stmt"/>
        <line num="219" count="30" type="stmt"/>
        <line num="220" count="30" type="stmt"/>
        <line num="221" count="30" type="stmt"/>
        <line num="222" count="30" type="stmt"/>
        <line num="223" count="30" type="cond" truecount="2" falsecount="0"/>
        <line num="224" count="37" type="stmt"/>
        <line num="225" count="37" type="stmt"/>
        <line num="227" count="37" type="stmt"/>
        <line num="228" count="37" type="stmt"/>
        <line num="229" count="37" type="stmt"/>
        <line num="230" count="37" type="stmt"/>
        <line num="231" count="37" type="stmt"/>
        <line num="232" count="37" type="stmt"/>
        <line num="233" count="37" type="stmt"/>
        <line num="234" count="37" type="stmt"/>
        <line num="235" count="37" type="stmt"/>
        <line num="237" count="37" type="stmt"/>
        <line num="239" count="37" type="stmt"/>
        <line num="241" count="37" type="stmt"/>
        <line num="243" count="37" type="stmt"/>
        <line num="245" count="37" type="stmt"/>
        <line num="246" count="37" type="stmt"/>
        <line num="247" count="37" type="stmt"/>
        <line num="249" count="37" type="stmt"/>
        <line num="250" count="37" type="stmt"/>
        <line num="251" count="37" type="stmt"/>
        <line num="252" count="37" type="stmt"/>
        <line num="253" count="37" type="stmt"/>
        <line num="254" count="37" type="stmt"/>
        <line num="256" count="37" type="stmt"/>
        <line num="257" count="37" type="stmt"/>
        <line num="258" count="37" type="stmt"/>
        <line num="260" count="37" type="stmt"/>
        <line num="261" count="37" type="stmt"/>
        <line num="262" count="37" type="stmt"/>
        <line num="263" count="37" type="stmt"/>
        <line num="264" count="37" type="stmt"/>
        <line num="265" count="37" type="stmt"/>
        <line num="266" count="37" type="stmt"/>
        <line num="267" count="37" type="stmt"/>
        <line num="268" count="37" type="stmt"/>
        <line num="270" count="37" type="cond" truecount="2" falsecount="0"/>
        <line num="272" count="30" type="stmt"/>
        <line num="273" count="30" type="stmt"/>
        <line num="274" count="30" type="stmt"/>
        <line num="275" count="30" type="stmt"/>
        <line num="276" count="30" type="stmt"/>
        <line num="277" count="30" type="cond" truecount="5" falsecount="0"/>
        <line num="278" count="29" type="stmt"/>
        <line num="279" count="29" type="stmt"/>
        <line num="280" count="29" type="stmt"/>
        <line num="283" count="30" type="stmt"/>
        <line num="285" count="30" type="stmt"/>
        <line num="287" count="30" type="stmt"/>
        <line num="288" count="30" type="stmt"/>
        <line num="290" count="30" type="stmt"/>
        <line num="292" count="30" type="stmt"/>
        <line num="294" count="30" type="stmt"/>
        <line num="296" count="2" type="cond" truecount="2" falsecount="0"/>
        <line num="297" count="2" type="cond" truecount="2" falsecount="0"/>
        <line num="298" count="2" type="stmt"/>
      </file>
    </package>
    <package name="js.flows">
      <metrics statements="161" coveredstatements="161" conditionals="59" coveredconditionals="49" methods="16" coveredmethods="13"/>
      <file name="api.ts" path="/home/JacobSeed/Desktop/Promise-Model-Online/PromiseModelOnline.Client/wwwroot/js/flows/api.ts">
        <metrics statements="5" coveredstatements="5" conditionals="0" coveredconditionals="0" methods="5" coveredmethods="2"/>
        <line num="3" count="10" type="stmt"/>
        <line num="4" count="10" type="stmt"/>
        <line num="5" count="10" type="stmt"/>
        <line num="6" count="10" type="stmt"/>
        <line num="7" count="10" type="stmt"/>
      </file>
      <file name="detail.ts" path="/home/JacobSeed/Desktop/Promise-Model-Online/PromiseModelOnline.Client/wwwroot/js/flows/detail.ts">
        <metrics statements="156" coveredstatements="156" conditionals="59" coveredconditionals="49" methods="11" coveredmethods="11"/>
        <line num="54" count="38" type="stmt"/>
        <line num="55" count="38" type="cond" truecount="1" falsecount="1"/>
        <line num="56" count="38" type="stmt"/>
        <line num="57" count="3" type="stmt"/>
        <line num="58" count="3" type="cond" truecount="2" falsecount="0"/>
        <line num="59" count="2" type="stmt"/>
        <line num="60" count="2" type="stmt"/>
        <line num="61" count="2" type="cond" truecount="1" falsecount="1"/>
        <line num="62" count="2" type="stmt"/>
        <line num="63" count="2" type="stmt"/>
        <line num="64" count="1" type="stmt"/>
        <line num="66" count="1" type="stmt"/>
        <line num="67" count="1" type="stmt"/>
        <line num="84" count="39" type="stmt"/>
        <line num="85" count="39" type="stmt"/>
        <line num="86" count="39" type="stmt"/>
        <line num="87" count="38" type="cond" truecount="2" falsecount="0"/>
        <line num="88" count="39" type="cond" truecount="2" falsecount="0"/>
        <line num="89" count="39" type="cond" truecount="2" falsecount="0"/>
        <line num="90" count="38" type="stmt"/>
        <line num="91" count="38" type="stmt"/>
        <line num="92" count="38" type="stmt"/>
        <line num="93" count="38" type="stmt"/>
        <line num="94" count="38" type="cond" truecount="1" falsecount="1"/>
        <line num="95" count="38" type="stmt"/>
        <line num="96" count="38" type="stmt"/>
        <line num="97" count="38" type="stmt"/>
        <line num="98" count="38" type="cond" truecount="1" falsecount="1"/>
        <line num="99" count="38" type="stmt"/>
        <line num="100" count="38" type="stmt"/>
        <line num="101" count="38" type="stmt"/>
        <line num="102" count="38" type="cond" truecount="1" falsecount="1"/>
        <line num="104" count="38" type="stmt"/>
        <line num="105" count="39" type="cond" truecount="2" falsecount="0"/>
        <line num="106" count="38" type="stmt"/>
        <line num="107" count="3" type="stmt"/>
        <line num="108" count="3" type="cond" truecount="5" falsecount="0"/>
        <line num="109" count="1" type="stmt"/>
        <line num="110" count="1" type="stmt"/>
        <line num="127" count="39" type="stmt"/>
        <line num="129" count="39" type="stmt"/>
        <line num="130" count="39" type="stmt"/>
        <line num="131" count="38" type="stmt"/>
        <line num="132" count="38" type="stmt"/>
        <line num="137" count="72" type="stmt"/>
        <line num="138" count="72" type="stmt"/>
        <line num="145" count="38" type="stmt"/>
        <line num="165" count="39" type="stmt"/>
        <line num="174" count="38" type="stmt"/>
        <line num="181" count="38" type="stmt"/>
        <line num="193" count="39" type="stmt"/>
        <line num="194" count="39" type="stmt"/>
        <line num="196" count="1" type="stmt"/>
        <line num="197" count="1" type="stmt"/>
        <line num="198" count="1" type="stmt"/>
        <line num="199" count="1" type="stmt"/>
        <line num="200" count="1" type="stmt"/>
        <line num="211" count="39" type="stmt"/>
        <line num="212" count="39" type="cond" truecount="4" falsecount="0"/>
        <line num="213" count="37" type="stmt"/>
        <line num="214" count="37" type="cond" truecount="2" falsecount="0"/>
        <line num="227" count="46" type="stmt"/>
        <line num="229" count="46" type="stmt"/>
        <line num="230" count="46" type="cond" truecount="2" falsecount="0"/>
        <line num="231" count="42" type="stmt"/>
        <line num="232" count="42" type="stmt"/>
        <line num="234" count="42" type="stmt"/>
        <line num="235" count="42" type="stmt"/>
        <line num="236" count="41" type="cond" truecount="2" falsecount="0"/>
        <line num="237" count="39" type="stmt"/>
        <line num="238" count="39" type="stmt"/>
        <line num="240" count="39" type="stmt"/>
        <line num="242" count="39" type="stmt"/>
        <line num="243" count="39" type="stmt"/>
        <line num="245" count="39" type="stmt"/>
        <line num="246" count="39" type="stmt"/>
        <line num="247" count="39" type="stmt"/>
        <line num="249" count="39" type="stmt"/>
        <line num="250" count="39" type="stmt"/>
        <line num="252" count="39" type="stmt"/>
        <line num="253" count="39" type="stmt"/>
        <line num="254" count="39" type="stmt"/>
        <line num="255" count="39" type="stmt"/>
        <line num="256" count="39" type="stmt"/>
        <line num="257" count="39" type="stmt"/>
        <line num="258" count="39" type="stmt"/>
        <line num="259" count="39" type="stmt"/>
        <line num="260" count="39" type="stmt"/>
        <line num="261" count="39" type="cond" truecount="2" falsecount="0"/>
        <line num="262" count="46" type="stmt"/>
        <line num="263" count="46" type="stmt"/>
        <line num="265" count="46" type="stmt"/>
        <line num="266" count="46" type="stmt"/>
        <line num="267" count="46" type="stmt"/>
        <line num="268" count="46" type="stmt"/>
        <line num="269" count="46" type="stmt"/>
        <line num="270" count="46" type="stmt"/>
        <line num="271" count="46" type="stmt"/>
        <line num="272" count="46" type="stmt"/>
        <line num="273" count="46" type="stmt"/>
        <line num="274" count="46" type="stmt"/>
        <line num="275" count="46" type="stmt"/>
        <line num="276" count="46" type="stmt"/>
        <line num="277" count="46" type="stmt"/>
        <line num="278" count="46" type="stmt"/>
        <line num="279" count="46" type="stmt"/>
        <line num="281" count="46" type="stmt"/>
        <line num="282" count="46" type="stmt"/>
        <line num="283" count="46" type="stmt"/>
        <line num="284" count="46" type="stmt"/>
        <line num="285" count="46" type="stmt"/>
        <line num="286" count="46" type="stmt"/>
        <line num="287" count="46" type="stmt"/>
        <line num="288" count="46" type="stmt"/>
        <line num="289" count="46" type="cond" truecount="2" falsecount="0"/>
        <line num="290" count="46" type="stmt"/>
        <line num="291" count="46" type="stmt"/>
        <line num="292" count="46" type="stmt"/>
        <line num="293" count="46" type="cond" truecount="2" falsecount="0"/>
        <line num="294" count="46" type="stmt"/>
        <line num="295" count="46" type="stmt"/>
        <line num="296" count="46" type="stmt"/>
        <line num="298" count="46" type="stmt"/>
        <line num="299" count="46" type="stmt"/>
        <line num="301" count="46" type="stmt"/>
        <line num="303" count="46" type="stmt"/>
        <line num="304" count="46" type="stmt"/>
        <line num="305" count="46" type="stmt"/>
        <line num="306" count="46" type="stmt"/>
        <line num="307" count="46" type="stmt"/>
        <line num="308" count="46" type="stmt"/>
        <line num="309" count="46" type="stmt"/>
        <line num="310" count="46" type="stmt"/>
        <line num="311" count="46" type="stmt"/>
        <line num="313" count="46" type="stmt"/>
        <line num="314" count="46" type="stmt"/>
        <line num="315" count="46" type="stmt"/>
        <line num="317" count="46" type="stmt"/>
        <line num="318" count="46" type="stmt"/>
        <line num="319" count="46" type="stmt"/>
        <line num="320" count="46" type="stmt"/>
        <line num="321" count="46" type="stmt"/>
        <line num="322" count="46" type="stmt"/>
        <line num="324" count="46" type="stmt"/>
        <line num="326" count="46" type="stmt"/>
        <line num="328" count="46" type="stmt"/>
        <line num="330" count="46" type="stmt"/>
        <line num="332" count="39" type="stmt"/>
        <line num="333" count="39" type="stmt"/>
        <line num="335" count="39" type="stmt"/>
        <line num="337" count="39" type="stmt"/>
        <line num="338" count="39" type="stmt"/>
        <line num="339" count="39" type="stmt"/>
        <line num="341" count="1" type="stmt"/>
        <line num="342" count="1" type="stmt"/>
        <line num="343" count="1" type="stmt"/>
      </file>
    </package>
    <package name="js.invitations">
      <metrics statements="63" coveredstatements="63" conditionals="10" coveredconditionals="10" methods="7" coveredmethods="6"/>
      <file name="api.ts" path="/home/JacobSeed/Desktop/Promise-Model-Online/PromiseModelOnline.Client/wwwroot/js/invitations/api.ts">
        <metrics statements="2" coveredstatements="2" conditionals="0" coveredconditionals="0" methods="2" coveredmethods="1"/>
        <line num="7" count="2" type="stmt"/>
        <line num="13" count="14" type="stmt"/>
      </file>
      <file name="list.ts" path="/home/JacobSeed/Desktop/Promise-Model-Online/PromiseModelOnline.Client/wwwroot/js/invitations/list.ts">
        <metrics statements="55" coveredstatements="55" conditionals="8" coveredconditionals="8" methods="4" coveredmethods="4"/>
        <line num="16" count="3" type="stmt"/>
        <line num="27" count="7" type="stmt"/>
        <line num="28" count="7" type="stmt"/>
        <line num="34" count="7" type="stmt"/>
        <line num="35" count="7" type="stmt"/>
        <line num="37" count="6" type="cond" truecount="4" falsecount="0"/>
        <line num="38" count="2" type="stmt"/>
        <line num="39" count="2" type="stmt"/>
        <line num="42" count="4" type="stmt"/>
        <line num="43" count="4" type="stmt"/>
        <line num="45" count="4" type="stmt"/>
        <line num="46" count="4" type="stmt"/>
        <line num="47" count="4" type="stmt"/>
        <line num="48" count="4" type="stmt"/>
        <line num="49" count="12" type="stmt"/>
        <line num="50" count="12" type="stmt"/>
        <line num="51" count="12" type="stmt"/>
        <line num="53" count="4" type="stmt"/>
        <line num="54" count="4" type="stmt"/>
        <line num="56" count="4" type="stmt"/>
        <line num="57" count="4" type="stmt"/>
        <line num="58" count="3" type="stmt"/>
        <line num="60" count="3" type="stmt"/>
        <line num="61" count="3" type="stmt"/>
        <line num="62" count="3" type="stmt"/>
        <line num="64" count="3" type="stmt"/>
        <line num="65" count="3" type="stmt"/>
        <line num="66" count="3" type="stmt"/>
        <line num="68" count="3" type="stmt"/>
        <line num="69" count="3" type="stmt"/>
        <line num="70" count="3" type="stmt"/>
        <line num="71" count="3" type="stmt"/>
        <line num="72" count="3" type="stmt"/>
        <line num="73" count="3" type="stmt"/>
        <line num="74" count="3" type="stmt"/>
        <line num="75" count="3" type="stmt"/>
        <line num="77" count="3" type="stmt"/>
        <line num="79" count="3" type="stmt"/>
        <line num="80" count="3" type="stmt"/>
        <line num="82" count="3" type="stmt"/>
        <line num="83" count="3" type="stmt"/>
        <line num="84" count="2" type="stmt"/>
        <line num="85" count="2" type="stmt"/>
        <line num="86" count="2" type="stmt"/>
        <line num="87" count="1" type="stmt"/>
        <line num="88" count="1" type="stmt"/>
        <line num="89" count="1" type="stmt"/>
        <line num="91" count="2" type="stmt"/>
        <line num="92" count="2" type="cond" truecount="2" falsecount="0"/>
        <line num="93" count="1" type="stmt"/>
        <line num="95" count="1" type="stmt"/>
        <line num="97" count="1" type="stmt"/>
        <line num="98" count="1" type="stmt"/>
        <line num="103" count="2" type="cond" truecount="2" falsecount="0"/>
        <line num="107" count="7" type="stmt"/>
      </file>
      <file name="router.ts" path="/home/JacobSeed/Desktop/Promise-Model-Online/PromiseModelOnline.Client/wwwroot/js/invitations/router.ts">
        <metrics statements="6" coveredstatements="6" conditionals="2" coveredconditionals="2" methods="1" coveredmethods="1"/>
        <line num="11" count="3" type="cond" truecount="2" falsecount="0"/>
        <line num="12" count="2" type="stmt"/>
        <line num="13" count="2" type="stmt"/>
        <line num="14" count="1" type="stmt"/>
        <line num="16" count="1" type="stmt"/>
        <line num="19" count="1" type="stmt"/>
      </file>
    </package>
    <package name="js.iterations">
      <metrics statements="198" coveredstatements="198" conditionals="76" coveredconditionals="58" methods="31" coveredmethods="26"/>
      <file name="api.ts" path="/home/JacobSeed/Desktop/Promise-Model-Online/PromiseModelOnline.Client/wwwroot/js/iterations/api.ts">
        <metrics statements="3" coveredstatements="3" conditionals="0" coveredconditionals="0" methods="3" coveredmethods="2"/>
        <line num="3" count="12" type="stmt"/>
        <line num="4" count="12" type="stmt"/>
        <line num="5" count="12" type="stmt"/>
      </file>
      <file name="list.ts" path="/home/JacobSeed/Desktop/Promise-Model-Online/PromiseModelOnline.Client/wwwroot/js/iterations/list.ts">
        <metrics statements="195" coveredstatements="195" conditionals="76" coveredconditionals="58" methods="28" coveredmethods="24"/>
        <line num="31" count="19" type="cond" truecount="1" falsecount="1"/>
        <line num="39" count="44" type="stmt"/>
        <line num="40" count="44" type="stmt"/>
        <line num="41" count="44" type="stmt"/>
        <line num="42" count="44" type="stmt"/>
        <line num="43" count="44" type="stmt"/>
        <line num="44" count="44" type="stmt"/>
        <line num="45" count="44" type="stmt"/>
        <line num="46" count="44" type="stmt"/>
        <line num="47" count="44" type="stmt"/>
        <line num="48" count="44" type="stmt"/>
        <line num="49" count="44" type="stmt"/>
        <line num="50" count="44" type="stmt"/>
        <line num="51" count="44" type="stmt"/>
        <line num="61" count="26" type="stmt"/>
        <line num="62" count="26" type="stmt"/>
        <line num="63" count="26" type="stmt"/>
        <line num="64" count="26" type="stmt"/>
        <line num="65" count="26" type="stmt"/>
        <line num="66" count="26" type="stmt"/>
        <line num="67" count="26" type="stmt"/>
        <line num="68" count="26" type="stmt"/>
        <line num="69" count="26" type="stmt"/>
        <line num="70" count="26" type="stmt"/>
        <line num="71" count="26" type="stmt"/>
        <line num="72" count="26" type="stmt"/>
        <line num="73" count="26" type="cond" truecount="1" falsecount="1"/>
        <line num="74" count="26" type="stmt"/>
        <line num="75" count="26" type="stmt"/>
        <line num="76" count="26" type="stmt"/>
        <line num="77" count="26" type="stmt"/>
        <line num="79" count="26" type="stmt"/>
        <line num="88" count="15" type="stmt"/>
        <line num="89" count="15" type="stmt"/>
        <line num="90" count="15" type="stmt"/>
        <line num="91" count="15" type="stmt"/>
        <line num="92" count="46" type="stmt"/>
        <line num="93" count="46" type="stmt"/>
        <line num="94" count="46" type="stmt"/>
        <line num="95" count="46" type="stmt"/>
        <line num="97" count="15" type="stmt"/>
        <line num="98" count="15" type="stmt"/>
        <line num="109" count="11" type="stmt"/>
        <line num="110" count="11" type="stmt"/>
        <line num="111" count="11" type="stmt"/>
        <line num="113" count="11" type="stmt"/>
        <line num="114" count="11" type="stmt"/>
        <line num="115" count="10" type="cond" truecount="4" falsecount="0"/>
        <line num="116" count="2" type="cond" truecount="2" falsecount="0"/>
        <line num="118" count="8" type="cond" truecount="2" falsecount="0"/>
        <line num="125" count="1" type="stmt"/>
        <line num="126" count="1" type="cond" truecount="1" falsecount="1"/>
        <line num="127" count="1" type="stmt"/>
        <line num="128" count="1" type="stmt"/>
        <line num="129" count="1" type="stmt"/>
        <line num="130" count="1" type="stmt"/>
        <line num="131" count="1" type="stmt"/>
        <line num="146" count="11" type="stmt"/>
        <line num="147" count="11" type="cond" truecount="1" falsecount="1"/>
        <line num="148" count="11" type="cond" truecount="1" falsecount="1"/>
        <line num="149" count="11" type="stmt"/>
        <line num="150" count="11" type="cond" truecount="1" falsecount="1"/>
        <line num="151" count="11" type="cond" truecount="2" falsecount="0"/>
        <line num="152" count="11" type="cond" truecount="1" falsecount="1"/>
        <line num="153" count="11" type="stmt"/>
        <line num="164" count="27" type="stmt"/>
        <line num="165" count="27" type="stmt"/>
        <line num="167" count="1" type="cond" truecount="1" falsecount="1"/>
        <line num="168" count="1" type="cond" truecount="1" falsecount="1"/>
        <line num="169" count="1" type="stmt"/>
        <line num="180" count="16" type="stmt"/>
        <line num="181" count="16" type="stmt"/>
        <line num="182" count="16" type="stmt"/>
        <line num="183" count="16" type="cond" truecount="2" falsecount="0"/>
        <line num="184" count="14" type="stmt"/>
        <line num="186" count="2" type="cond" truecount="1" falsecount="1"/>
        <line num="187" count="2" type="stmt"/>
        <line num="199" count="27" type="cond" truecount="2" falsecount="0"/>
        <line num="200" count="24" type="cond" truecount="2" falsecount="0"/>
        <line num="201" count="2" type="stmt"/>
        <line num="202" count="22" type="cond" truecount="1" falsecount="1"/>
        <line num="203" count="22" type="stmt"/>
        <line num="204" count="22" type="stmt"/>
        <line num="205" count="1" type="stmt"/>
        <line num="216" count="27" type="stmt"/>
        <line num="218" count="27" type="stmt"/>
        <line num="219" count="27" type="stmt"/>
        <line num="222" count="27" type="stmt"/>
        <line num="223" count="27" type="stmt"/>
        <line num="224" count="27" type="stmt"/>
        <line num="228" count="27" type="stmt"/>
        <line num="236" count="26" type="stmt"/>
        <line num="245" count="17" type="stmt"/>
        <line num="246" count="17" type="stmt"/>
        <line num="247" count="17" type="stmt"/>
        <line num="248" count="17" type="stmt"/>
        <line num="249" count="17" type="stmt"/>
        <line num="250" count="17" type="stmt"/>
        <line num="251" count="17" type="stmt"/>
        <line num="252" count="17" type="stmt"/>
        <line num="253" count="17" type="stmt"/>
        <line num="254" count="17" type="stmt"/>
        <line num="255" count="17" type="stmt"/>
        <line num="256" count="17" type="stmt"/>
        <line num="257" count="17" type="stmt"/>
        <line num="258" count="17" type="stmt"/>
        <line num="259" count="17" type="stmt"/>
        <line num="260" count="17" type="stmt"/>
        <line num="261" count="17" type="stmt"/>
        <line num="262" count="17" type="stmt"/>
        <line num="263" count="17" type="stmt"/>
        <line num="272" count="26" type="cond" truecount="4" falsecount="0"/>
        <line num="273" count="10" type="cond" truecount="1" falsecount="1"/>
        <line num="278" count="10" type="stmt"/>
        <line num="280" count="16" type="stmt"/>
        <line num="289" count="14" type="stmt"/>
        <line num="290" count="14" type="stmt"/>
        <line num="291" count="14" type="stmt"/>
        <line num="292" count="14" type="stmt"/>
        <line num="294" count="14" type="stmt"/>
        <line num="296" count="14" type="stmt"/>
        <line num="297" count="14" type="stmt"/>
        <line num="298" count="17" type="stmt"/>
        <line num="300" count="14" type="stmt"/>
        <line num="301" count="14" type="stmt"/>
        <line num="302" count="14" type="stmt"/>
        <line num="310" count="14" type="stmt"/>
        <line num="311" count="16" type="stmt"/>
        <line num="312" count="11" type="stmt"/>
        <line num="313" count="11" type="stmt"/>
        <line num="314" count="11" type="cond" truecount="1" falsecount="1"/>
        <line num="326" count="27" type="stmt"/>
        <line num="327" count="27" type="stmt"/>
        <line num="328" count="27" type="stmt"/>
        <line num="329" count="27" type="stmt"/>
        <line num="330" count="27" type="stmt"/>
        <line num="331" count="27" type="stmt"/>
        <line num="333" count="27" type="stmt"/>
        <line num="335" count="27" type="cond" truecount="2" falsecount="0"/>
        <line num="336" count="27" type="cond" truecount="2" falsecount="0"/>
        <line num="338" count="27" type="stmt"/>
        <line num="340" count="27" type="cond" truecount="2" falsecount="0"/>
        <line num="342" count="27" type="stmt"/>
        <line num="343" count="27" type="cond" truecount="2" falsecount="0"/>
        <line num="345" count="26" type="stmt"/>
        <line num="347" count="26" type="cond" truecount="2" falsecount="0"/>
        <line num="348" count="23" type="cond" truecount="2" falsecount="0"/>
        <line num="351" count="26" type="cond" truecount="2" falsecount="0"/>
        <line num="353" count="16" type="stmt"/>
        <line num="354" count="16" type="stmt"/>
        <line num="356" count="16" type="stmt"/>
        <line num="362" count="11" type="stmt"/>
        <line num="364" count="11" type="stmt"/>
        <line num="366" count="11" type="stmt"/>
        <line num="367" count="11" type="stmt"/>
        <line num="368" count="10" type="cond" truecount="4" falsecount="0"/>
        <line num="369" count="9" type="cond" truecount="1" falsecount="1"/>
        <line num="374" count="9" type="stmt"/>
        <line num="377" count="1" type="stmt"/>
        <line num="379" count="1" type="stmt"/>
        <line num="380" count="1" type="stmt"/>
        <line num="381" count="1" type="stmt"/>
        <line num="382" count="1" type="stmt"/>
        <line num="384" count="1" type="stmt"/>
        <line num="386" count="1" type="stmt"/>
        <line num="387" count="1" type="stmt"/>
        <line num="388" count="1" type="stmt"/>
        <line num="390" count="1" type="stmt"/>
        <line num="391" count="1" type="stmt"/>
        <line num="392" count="1" type="stmt"/>
        <line num="394" count="1" type="stmt"/>
        <line num="395" count="1" type="stmt"/>
        <line num="396" count="1" type="stmt"/>
        <line num="398" count="1" type="stmt"/>
        <line num="399" count="1" type="stmt"/>
        <line num="400" count="1" type="stmt"/>
        <line num="402" count="1" type="stmt"/>
        <line num="403" count="1" type="stmt"/>
        <line num="404" count="1" type="stmt"/>
        <line num="406" count="1" type="stmt"/>
        <line num="408" count="1" type="stmt"/>
        <line num="409" count="1" type="stmt"/>
        <line num="410" count="1" type="cond" truecount="1" falsecount="1"/>
        <line num="412" count="1" type="cond" truecount="1" falsecount="1"/>
        <line num="413" count="1" type="stmt"/>
        <line num="414" count="1" type="stmt"/>
        <line num="415" count="1" type="stmt"/>
        <line num="416" count="1" type="stmt"/>
        <line num="417" count="1" type="stmt"/>
        <line num="419" count="1" type="stmt"/>
        <line num="423" count="16" type="stmt"/>
        <line num="424" count="16" type="cond" truecount="2" falsecount="0"/>
        <line num="425" count="13" type="stmt"/>
        <line num="426" count="1" type="cond" truecount="1" falsecount="1"/>
        <line num="427" count="1" type="cond" truecount="1" falsecount="1"/>
      </file>
    </package>
    <package name="js.journeys">
      <metrics statements="146" coveredstatements="146" conditionals="49" coveredconditionals="38" methods="16" coveredmethods="13"/>
      <file name="api.ts" path="/home/JacobSeed/Desktop/Promise-Model-Online/PromiseModelOnline.Client/wwwroot/js/journeys/api.ts">
        <metrics statements="5" coveredstatements="5" conditionals="0" coveredconditionals="0" methods="5" coveredmethods="2"/>
        <line num="3" count="10" type="stmt"/>
        <line num="4" count="10" type="stmt"/>
        <line num="5" count="10" type="stmt"/>
        <line num="6" count="10" type="stmt"/>
        <line num="7" count="10" type="stmt"/>
      </file>
      <file name="detail.ts" path="/home/JacobSeed/Desktop/Promise-Model-Online/PromiseModelOnline.Client/wwwroot/js/journeys/detail.ts">
        <metrics statements="141" coveredstatements="141" conditionals="49" coveredconditionals="38" methods="11" coveredmethods="11"/>
        <line num="55" count="38" type="cond" truecount="1" falsecount="1"/>
        <line num="56" count="38" type="stmt"/>
        <line num="57" count="4" type="stmt"/>
        <line num="58" count="4" type="cond" truecount="1" falsecount="1"/>
        <line num="59" count="4" type="stmt"/>
        <line num="60" count="4" type="stmt"/>
        <line num="61" count="4" type="stmt"/>
        <line num="62" count="4" type="stmt"/>
        <line num="63" count="2" type="cond" truecount="3" falsecount="1"/>
        <line num="64" count="4" type="stmt"/>
        <line num="67" count="4" type="cond" truecount="4" falsecount="0"/>
        <line num="69" count="1" type="cond" truecount="1" falsecount="1"/>
        <line num="70" count="1" type="stmt"/>
        <line num="72" count="3" type="stmt"/>
        <line num="88" count="38" type="stmt"/>
        <line num="89" count="38" type="stmt"/>
        <line num="90" count="38" type="stmt"/>
        <line num="91" count="37" type="cond" truecount="1" falsecount="1"/>
        <line num="92" count="38" type="cond" truecount="1" falsecount="1"/>
        <line num="93" count="38" type="cond" truecount="2" falsecount="0"/>
        <line num="94" count="37" type="stmt"/>
        <line num="95" count="37" type="stmt"/>
        <line num="96" count="37" type="stmt"/>
        <line num="97" count="37" type="stmt"/>
        <line num="98" count="37" type="cond" truecount="1" falsecount="1"/>
        <line num="99" count="37" type="stmt"/>
        <line num="100" count="37" type="stmt"/>
        <line num="101" count="37" type="stmt"/>
        <line num="102" count="37" type="cond" truecount="1" falsecount="1"/>
        <line num="103" count="37" type="stmt"/>
        <line num="104" count="37" type="stmt"/>
        <line num="105" count="37" type="stmt"/>
        <line num="106" count="37" type="cond" truecount="1" falsecount="1"/>
        <line num="108" count="37" type="cond" truecount="1" falsecount="1"/>
        <line num="109" count="37" type="stmt"/>
        <line num="110" count="2" type="stmt"/>
        <line num="111" count="2" type="cond" truecount="5" falsecount="0"/>
        <line num="112" count="1" type="stmt"/>
        <line num="113" count="1" type="stmt"/>
        <line num="126" count="38" type="stmt"/>
        <line num="127" count="38" type="cond" truecount="4" falsecount="0"/>
        <line num="128" count="37" type="stmt"/>
        <line num="129" count="37" type="cond" truecount="2" falsecount="0"/>
        <line num="145" count="38" type="stmt"/>
        <line num="146" count="38" type="stmt"/>
        <line num="147" count="37" type="stmt"/>
        <line num="148" count="37" type="stmt"/>
        <line num="153" count="1" type="stmt"/>
        <line num="154" count="1" type="stmt"/>
        <line num="159" count="1" type="stmt"/>
        <line num="172" count="38" type="stmt"/>
        <line num="180" count="1" type="stmt"/>
        <line num="185" count="1" type="stmt"/>
        <line num="192" count="38" type="stmt"/>
        <line num="195" count="1" type="stmt"/>
        <line num="196" count="1" type="stmt"/>
        <line num="197" count="1" type="stmt"/>
        <line num="198" count="1" type="stmt"/>
        <line num="199" count="1" type="stmt"/>
        <line num="212" count="44" type="stmt"/>
        <line num="214" count="44" type="stmt"/>
        <line num="215" count="44" type="cond" truecount="2" falsecount="0"/>
        <line num="216" count="41" type="stmt"/>
        <line num="217" count="41" type="stmt"/>
        <line num="219" count="41" type="stmt"/>
        <line num="220" count="41" type="stmt"/>
        <line num="221" count="40" type="cond" truecount="2" falsecount="0"/>
        <line num="222" count="38" type="stmt"/>
        <line num="223" count="38" type="stmt"/>
        <line num="225" count="38" type="stmt"/>
        <line num="227" count="38" type="stmt"/>
        <line num="228" count="38" type="stmt"/>
        <line num="230" count="38" type="stmt"/>
        <line num="231" count="38" type="stmt"/>
        <line num="232" count="38" type="stmt"/>
        <line num="234" count="38" type="stmt"/>
        <line num="235" count="38" type="stmt"/>
        <line num="237" count="38" type="stmt"/>
        <line num="238" count="38" type="stmt"/>
        <line num="239" count="38" type="stmt"/>
        <line num="240" count="38" type="stmt"/>
        <line num="241" count="38" type="stmt"/>
        <line num="242" count="38" type="stmt"/>
        <line num="243" count="38" type="stmt"/>
        <line num="244" count="38" type="stmt"/>
        <line num="245" count="38" type="stmt"/>
        <line num="246" count="38" type="cond" truecount="2" falsecount="0"/>
        <line num="247" count="44" type="stmt"/>
        <line num="248" count="44" type="stmt"/>
        <line num="250" count="44" type="stmt"/>
        <line num="251" count="44" type="stmt"/>
        <line num="252" count="44" type="stmt"/>
        <line num="253" count="44" type="stmt"/>
        <line num="254" count="44" type="stmt"/>
        <line num="255" count="44" type="stmt"/>
        <line num="256" count="44" type="stmt"/>
        <line num="257" count="44" type="stmt"/>
        <line num="258" count="44" type="stmt"/>
        <line num="259" count="44" type="stmt"/>
        <line num="260" count="44" type="stmt"/>
        <line num="261" count="44" type="stmt"/>
        <line num="262" count="44" type="stmt"/>
        <line num="263" count="44" type="stmt"/>
        <line num="264" count="44" type="stmt"/>
        <line num="266" count="44" type="stmt"/>
        <line num="267" count="44" type="stmt"/>
        <line num="268" count="44" type="stmt"/>
        <line num="270" count="44" type="stmt"/>
        <line num="272" count="44" type="stmt"/>
        <line num="273" count="44" type="stmt"/>
        <line num="274" count="44" type="stmt"/>
        <line num="275" count="44" type="stmt"/>
        <line num="276" count="44" type="stmt"/>
        <line num="277" count="44" type="stmt"/>
        <line num="278" count="44" type="stmt"/>
        <line num="279" count="44" type="stmt"/>
        <line num="280" count="44" type="stmt"/>
        <line num="282" count="44" type="stmt"/>
        <line num="283" count="44" type="stmt"/>
        <line num="284" count="44" type="stmt"/>
        <line num="286" count="44" type="stmt"/>
        <line num="287" count="44" type="stmt"/>
        <line num="288" count="44" type="stmt"/>
        <line num="289" count="44" type="stmt"/>
        <line num="290" count="44" type="stmt"/>
        <line num="291" count="44" type="stmt"/>
        <line num="293" count="44" type="stmt"/>
        <line num="295" count="44" type="stmt"/>
        <line num="297" count="44" type="stmt"/>
        <line num="299" count="44" type="stmt"/>
        <line num="301" count="38" type="stmt"/>
        <line num="302" count="38" type="stmt"/>
        <line num="304" count="38" type="stmt"/>
        <line num="305" count="38" type="stmt"/>
        <line num="306" count="38" type="stmt"/>
        <line num="308" count="38" type="stmt"/>
        <line num="309" count="38" type="stmt"/>
[...]
        <line num="56" count="1" type="cond" truecount="1" falsecount="1"/>
        <line num="57" count="1" type="cond" truecount="3" falsecount="1"/>
        <line num="58" count="1" type="stmt"/>
        <line num="60" count="0" type="stmt"/>
        <line num="62" count="4" type="cond" truecount="4" falsecount="0"/>
        <line num="63" count="3" type="stmt"/>
        <line num="65" count="1" type="stmt"/>
        <line num="67" count="33" type="stmt"/>
        <line num="68" count="33" type="stmt"/>
      </file>
      <file name="html.ts" path="/home/JacobSeed/Desktop/Promise-Model-Online/PromiseModelOnline.Client/wwwroot/js/utils/html.ts">
        <metrics statements="39" coveredstatements="39" conditionals="6" coveredconditionals="6" methods="10" coveredmethods="10"/>
        <line num="6" count="32" type="stmt"/>
        <line num="19" count="158" type="stmt"/>
        <line num="28" count="40" type="stmt"/>
        <line num="29" count="40" type="stmt"/>
        <line num="30" count="40" type="stmt"/>
        <line num="31" count="40" type="stmt"/>
        <line num="32" count="40" type="stmt"/>
        <line num="33" count="40" type="stmt"/>
        <line num="34" count="40" type="stmt"/>
        <line num="35" count="40" type="stmt"/>
        <line num="36" count="40" type="stmt"/>
        <line num="37" count="40" type="stmt"/>
        <line num="38" count="40" type="stmt"/>
        <line num="39" count="40" type="stmt"/>
        <line num="40" count="40" type="stmt"/>
        <line num="49" count="60" type="stmt"/>
        <line num="50" count="60" type="stmt"/>
        <line num="51" count="60" type="stmt"/>
        <line num="52" count="60" type="stmt"/>
        <line num="62" count="58" type="stmt"/>
        <line num="63" count="58" type="cond" truecount="2" falsecount="0"/>
        <line num="65" count="52" type="stmt"/>
        <line num="66" count="52" type="stmt"/>
        <line num="67" count="52" type="stmt"/>
        <line num="69" count="52" type="cond" truecount="2" falsecount="0"/>
        <line num="70" count="51" type="stmt"/>
        <line num="73" count="52" type="stmt"/>
        <line num="84" count="11" type="stmt"/>
        <line num="85" count="11" type="stmt"/>
        <line num="87" count="11" type="stmt"/>
        <line num="88" count="11" type="cond" truecount="2" falsecount="0"/>
        <line num="89" count="10" type="stmt"/>
        <line num="90" count="10" type="stmt"/>
        <line num="93" count="11" type="stmt"/>
        <line num="95" count="11" type="stmt"/>
        <line num="96" count="9" type="stmt"/>
        <line num="97" count="9" type="stmt"/>
        <line num="100" count="11" type="stmt"/>
        <line num="101" count="11" type="stmt"/>
      </file>
      <file name="inline-add-form.ts" path="/home/JacobSeed/Desktop/Promise-Model-Online/PromiseModelOnline.Client/wwwroot/js/utils/inline-add-form.ts">
        <metrics statements="40" coveredstatements="40" conditionals="34" coveredconditionals="34" methods="4" coveredmethods="4"/>
        <line num="57" count="23" type="stmt"/>
        <line num="59" count="23" type="stmt"/>
        <line num="60" count="23" type="stmt"/>
        <line num="61" count="23" type="stmt"/>
        <line num="62" count="23" type="stmt"/>
        <line num="64" count="23" type="cond" truecount="6" falsecount="0"/>
        <line num="66" count="19" type="cond" truecount="2" falsecount="0"/>
        <line num="67" count="23" type="cond" truecount="4" falsecount="0"/>
        <line num="69" count="18" type="stmt"/>
        <line num="70" count="17" type="stmt"/>
        <line num="71" count="17" type="stmt"/>
        <line num="73" count="17" type="stmt"/>
        <line num="74" count="17" type="cond" truecount="2" falsecount="0"/>
        <line num="75" count="1" type="stmt"/>
        <line num="76" count="1" type="stmt"/>
        <line num="79" count="16" type="stmt"/>
        <line num="81" count="16" type="stmt"/>
        <line num="82" count="16" type="cond" truecount="2" falsecount="0"/>
        <line num="83" count="17" type="stmt"/>
        <line num="85" count="14" type="cond" truecount="4" falsecount="0"/>
        <line num="86" count="12" type="cond" truecount="2" falsecount="0"/>
        <line num="87" count="12" type="stmt"/>
        <line num="93" count="12" type="stmt"/>
        <line num="94" count="12" type="cond" truecount="2" falsecount="0"/>
        <line num="96" count="12" type="cond" truecount="2" falsecount="0"/>
        <line num="97" count="12" type="cond" truecount="2" falsecount="0"/>
        <line num="100" count="2" type="stmt"/>
        <line num="102" count="16" type="stmt"/>
        <line num="115" count="12" type="stmt"/>
        <line num="116" count="12" type="stmt"/>
        <line num="117" count="12" type="stmt"/>
        <line num="118" count="12" type="stmt"/>
        <line num="119" count="12" type="stmt"/>
        <line num="120" count="12" type="stmt"/>
        <line num="121" count="12" type="cond" truecount="2" falsecount="0"/>
        <line num="122" count="11" type="stmt"/>
        <line num="123" count="11" type="cond" truecount="2" falsecount="0"/>
        <line num="124" count="11" type="stmt"/>
        <line num="125" count="2" type="cond" truecount="2" falsecount="0"/>
        <line num="128" count="12" type="stmt"/>
      </file>
      <file name="inline-edit.ts" path="/home/JacobSeed/Desktop/Promise-Model-Online/PromiseModelOnline.Client/wwwroot/js/utils/inline-edit.ts">
        <metrics statements="37" coveredstatements="37" conditionals="20" coveredconditionals="20" methods="6" coveredmethods="6"/>
        <line num="11" count="12" type="stmt"/>
        <line num="12" count="12" type="stmt"/>
        <line num="19" count="6" type="cond" truecount="2" falsecount="0"/>
        <line num="20" count="6" type="stmt"/>
        <line num="21" count="6" type="stmt"/>
        <line num="22" count="6" type="cond" truecount="2" falsecount="0"/>
        <line num="23" count="6" type="stmt"/>
        <line num="24" count="6" type="cond" truecount="2" falsecount="0"/>
        <line num="31" count="8" type="stmt"/>
        <line num="32" count="8" type="cond" truecount="2" falsecount="0"/>
        <line num="33" count="8" type="stmt"/>
        <line num="34" count="8" type="stmt"/>
        <line num="35" count="8" type="stmt"/>
        <line num="36" count="8" type="cond" truecount="2" falsecount="0"/>
        <line num="37" count="8" type="cond" truecount="2" falsecount="0"/>
        <line num="38" count="8" type="stmt"/>
        <line num="41" count="12" type="stmt"/>
        <line num="42" count="12" type="stmt"/>
        <line num="43" count="12" type="stmt"/>
        <line num="44" count="12" type="cond" truecount="2" falsecount="0"/>
        <line num="45" count="12" type="cond" truecount="2" falsecount="0"/>
        <line num="47" count="12" type="stmt"/>
        <line num="49" count="12" type="cond" truecount="2" falsecount="0"/>
        <line num="50" count="5" type="stmt"/>
        <line num="51" count="2" type="stmt"/>
        <line num="52" count="2" type="stmt"/>
        <line num="56" count="12" type="stmt"/>
        <line num="59" count="2" type="cond" truecount="2" falsecount="0"/>
        <line num="60" count="1" type="stmt"/>
        <line num="61" count="1" type="stmt"/>
        <line num="63" count="1" type="stmt"/>
        <line num="64" count="1" type="stmt"/>
        <line num="65" count="1" type="stmt"/>
        <line num="66" count="1" type="stmt"/>
        <line num="67" count="1" type="stmt"/>
        <line num="68" count="1" type="stmt"/>
        <line num="69" count="1" type="stmt"/>
      </file>
      <file name="inline-table.ts" path="/home/JacobSeed/Desktop/Promise-Model-Online/PromiseModelOnline.Client/wwwroot/js/utils/inline-table.ts">
        <metrics statements="48" coveredstatements="48" conditionals="17" coveredconditionals="15" methods="5" coveredmethods="5"/>
        <line num="18" count="8" type="stmt"/>
        <line num="19" count="8" type="stmt"/>
        <line num="20" count="8" type="stmt"/>
        <line num="42" count="7" type="cond" truecount="1" falsecount="0"/>
        <line num="44" count="11" type="stmt"/>
        <line num="45" count="11" type="stmt"/>
        <line num="47" count="11" type="stmt"/>
        <line num="48" count="11" type="stmt"/>
        <line num="50" count="11" type="stmt"/>
        <line num="51" count="11" type="stmt"/>
        <line num="53" count="11" type="stmt"/>
        <line num="54" count="11" type="stmt"/>
        <line num="55" count="11" type="stmt"/>
        <line num="56" count="11" type="stmt"/>
        <line num="57" count="20" type="stmt"/>
        <line num="58" count="20" type="stmt"/>
        <line num="59" count="20" type="stmt"/>
        <line num="61" count="10" type="stmt"/>
        <line num="62" count="10" type="stmt"/>
        <line num="64" count="10" type="stmt"/>
        <line num="66" count="10" type="cond" truecount="4" falsecount="0"/>
        <line num="67" count="4" type="stmt"/>
        <line num="68" count="5" type="stmt"/>
        <line num="69" count="5" type="cond" truecount="1" falsecount="1"/>
        <line num="71" count="6" type="cond" truecount="2" falsecount="0"/>
        <line num="72" count="1" type="stmt"/>
        <line num="74" count="5" type="stmt"/>
        <line num="75" count="5" type="stmt"/>
        <line num="76" count="5" type="stmt"/>
        <line num="77" count="5" type="stmt"/>
        <line num="78" count="5" type="stmt"/>
        <line num="79" count="5" type="cond" truecount="2" falsecount="0"/>
        <line num="80" count="5" type="stmt"/>
        <line num="81" count="5" type="stmt"/>
        <line num="84" count="10" type="stmt"/>
        <line num="85" count="10" type="cond" truecount="2" falsecount="0"/>
        <line num="86" count="3" type="stmt"/>
        <line num="87" count="3" type="cond" truecount="1" falsecount="1"/>
        <line num="90" count="10" type="stmt"/>
        <line num="91" count="10" type="stmt"/>
        <line num="92" count="10" type="stmt"/>
        <line num="94" count="10" type="stmt"/>
        <line num="104" count="5" type="stmt"/>
        <line num="105" count="5" type="cond" truecount="2" falsecount="0"/>
        <line num="106" count="3" type="stmt"/>
        <line num="107" count="3" type="stmt"/>
        <line num="110" count="2" type="stmt"/>
        <line num="118" count="5" type="stmt"/>
      </file>
      <file name="iteration-create-modal.ts" path="/home/JacobSeed/Desktop/Promise-Model-Online/PromiseModelOnline.Client/wwwroot/js/utils/iteration-create-modal.ts">
        <metrics statements="35" coveredstatements="35" conditionals="10" coveredconditionals="10" methods="2" coveredmethods="2"/>
        <line num="13" count="13" type="stmt"/>
        <line num="37" count="13" type="stmt"/>
        <line num="38" count="13" type="stmt"/>
        <line num="39" count="13" type="stmt"/>
        <line num="40" count="13" type="stmt"/>
        <line num="41" count="13" type="cond" truecount="6" falsecount="0"/>
        <line num="43" count="12" type="stmt"/>
        <line num="45" count="12" type="stmt"/>
        <line num="46" count="12" type="stmt"/>
        <line num="47" count="12" type="stmt"/>
        <line num="48" count="12" type="stmt"/>
        <line num="50" count="12" type="stmt"/>
        <line num="51" count="12" type="stmt"/>
        <line num="52" count="12" type="stmt"/>
        <line num="53" count="12" type="stmt"/>
        <line num="54" count="12" type="stmt"/>
        <line num="56" count="12" type="stmt"/>
        <line num="57" count="6" type="stmt"/>
        <line num="59" count="6" type="stmt"/>
        <line num="60" count="6" type="cond" truecount="2" falsecount="0"/>
        <line num="61" count="2" type="stmt"/>
        <line num="62" count="2" type="stmt"/>
        <line num="63" count="2" type="stmt"/>
        <line num="64" count="2" type="stmt"/>
        <line num="67" count="4" type="stmt"/>
        <line num="68" count="4" type="stmt"/>
        <line num="70" count="4" type="stmt"/>
        <line num="71" count="4" type="stmt"/>
        <line num="72" count="2" type="stmt"/>
        <line num="73" count="6" type="stmt"/>
        <line num="75" count="2" type="cond" truecount="2" falsecount="0"/>
        <line num="76" count="2" type="stmt"/>
        <line num="78" count="4" type="stmt"/>
        <line num="79" count="4" type="stmt"/>
        <line num="83" count="12" type="stmt"/>
      </file>
      <file name="permissions.ts" path="/home/JacobSeed/Desktop/Promise-Model-Online/PromiseModelOnline.Client/wwwroot/js/utils/permissions.ts">
        <metrics statements="9" coveredstatements="9" conditionals="10" coveredconditionals="10" methods="2" coveredmethods="2"/>
        <line num="3" count="6" type="stmt"/>
        <line num="22" count="34" type="cond" truecount="4" falsecount="0"/>
        <line num="38" count="9" type="stmt"/>
        <line num="39" count="9" type="stmt"/>
        <line num="40" count="8" type="cond" truecount="2" falsecount="0"/>
        <line num="41" count="6" type="cond" truecount="2" falsecount="0"/>
        <line num="42" count="2" type="stmt"/>
        <line num="44" count="4" type="stmt"/>
        <line num="49" count="1" type="stmt"/>
      </file>
      <file name="status-utilities.ts" path="/home/JacobSeed/Desktop/Promise-Model-Online/PromiseModelOnline.Client/wwwroot/js/utils/status-utilities.ts">
        <metrics statements="21" coveredstatements="21" conditionals="63" coveredconditionals="63" methods="4" coveredmethods="4"/>
        <line num="8" count="33" type="stmt"/>
        <line num="21" count="15" type="cond" truecount="2" falsecount="0"/>
        <line num="22" count="15" type="cond" truecount="2" falsecount="0"/>
        <line num="23" count="8" type="cond" truecount="4" falsecount="0"/>
        <line num="24" count="7" type="cond" truecount="7" falsecount="0"/>
        <line num="25" count="6" type="cond" truecount="4" falsecount="0"/>
        <line num="26" count="3" type="stmt"/>
        <line num="35" count="13" type="cond" truecount="2" falsecount="0"/>
        <line num="36" count="13" type="cond" truecount="2" falsecount="0"/>
        <line num="37" count="8" type="cond" truecount="4" falsecount="0"/>
        <line num="38" count="7" type="cond" truecount="7" falsecount="0"/>
        <line num="39" count="6" type="cond" truecount="4" falsecount="0"/>
        <line num="40" count="3" type="stmt"/>
        <line num="49" count="3" type="stmt"/>
        <line num="58" count="44" type="cond" truecount="2" falsecount="0"/>
        <line num="60" count="44" type="cond" truecount="4" falsecount="0"/>
        <line num="61" count="6" type="cond" truecount="4" falsecount="0"/>
        <line num="62" count="4" type="cond" truecount="4" falsecount="0"/>
        <line num="63" count="3" type="cond" truecount="7" falsecount="0"/>
        <line num="64" count="2" type="cond" truecount="4" falsecount="0"/>
        <line num="66" count="1" type="stmt"/>
      </file>
      <file name="stride-create-modal.ts" path="/home/JacobSeed/Desktop/Promise-Model-Online/PromiseModelOnline.Client/wwwroot/js/utils/stride-create-modal.ts">
        <metrics statements="83" coveredstatements="80" conditionals="43" coveredconditionals="33" methods="14" coveredmethods="11"/>
        <line num="11" count="34" type="stmt"/>
        <line num="21" count="17" type="stmt"/>
        <line num="22" count="17" type="stmt"/>
        <line num="23" count="17" type="stmt"/>
        <line num="38" count="17" type="stmt"/>
        <line num="39" count="17" type="stmt"/>
        <line num="41" count="17" type="cond" truecount="3" falsecount="1"/>
        <line num="43" count="0" type="cond" truecount="0" falsecount="2"/>
        <line num="44" count="0" type="stmt"/>
        <line num="45" count="0" type="stmt"/>
        <line num="48" count="17" type="cond" truecount="1" falsecount="1"/>
        <line num="49" count="17" type="stmt"/>
        <line num="51" count="17" type="stmt"/>
        <line num="75" count="3" type="cond" truecount="1" falsecount="1"/>
        <line num="76" count="3" type="stmt"/>
        <line num="77" count="3" type="cond" truecount="1" falsecount="1"/>
        <line num="78" count="3" type="stmt"/>
        <line num="79" count="3" type="stmt"/>
        <line num="80" count="3" type="stmt"/>
        <line num="111" count="35" type="stmt"/>
        <line num="112" count="35" type="stmt"/>
        <line num="113" count="35" type="stmt"/>
        <line num="114" count="35" type="stmt"/>
        <line num="115" count="35" type="stmt"/>
        <line num="116" count="35" type="stmt"/>
        <line num="117" count="35" type="stmt"/>
        <line num="118" count="35" type="stmt"/>
        <line num="119" count="35" type="cond" truecount="10" falsecount="0"/>
        <line num="120" count="34" type="stmt"/>
        <line num="130" count="17" type="stmt"/>
        <line num="131" count="17" type="stmt"/>
        <line num="132" count="32" type="stmt"/>
        <line num="133" count="32" type="stmt"/>
        <line num="134" count="32" type="cond" truecount="2" falsecount="0"/>
        <line num="135" count="32" type="stmt"/>
        <line num="136" count="32" type="stmt"/>
        <line num="157" count="7" type="stmt"/>
        <line num="158" count="7" type="stmt"/>
        <line num="159" count="7" type="stmt"/>
        <line num="161" count="7" type="cond" truecount="2" falsecount="0"/>
        <line num="162" count="2" type="stmt"/>
        <line num="163" count="2" type="stmt"/>
        <line num="164" count="2" type="stmt"/>
        <line num="165" count="2" type="stmt"/>
        <line num="168" count="5" type="stmt"/>
        <line num="169" count="5" type="cond" truecount="2" falsecount="0"/>
        <line num="170" count="1" type="stmt"/>
        <line num="171" count="1" type="stmt"/>
        <line num="172" count="1" type="stmt"/>
        <line num="173" count="1" type="stmt"/>
        <line num="176" count="4" type="cond" truecount="1" falsecount="1"/>
        <line num="177" count="7" type="stmt"/>
        <line num="178" count="7" type="stmt"/>
        <line num="180" count="7" type="stmt"/>
        <line num="181" count="7" type="stmt"/>
        <line num="189" count="2" type="stmt"/>
        <line num="190" count="7" type="stmt"/>
        <line num="192" count="2" type="cond" truecount="2" falsecount="0"/>
        <line num="193" count="2" type="stmt"/>
        <line num="195" count="4" type="stmt"/>
        <line num="196" count="4" type="stmt"/>
        <line num="213" count="18" type="stmt"/>
        <line num="257" count="18" type="cond" truecount="1" falsecount="1"/>
        <line num="258" count="18" type="stmt"/>
        <line num="259" count="18" type="cond" truecount="2" falsecount="0"/>
        <line num="261" count="17" type="stmt"/>
        <line num="262" count="17" type="stmt"/>
        <line num="263" count="17" type="cond" truecount="1" falsecount="1"/>
        <line num="265" count="17" type="cond" truecount="1" falsecount="1"/>
        <line num="266" count="18" type="stmt"/>
        <line num="268" count="18" type="stmt"/>
        <line num="269" count="18" type="stmt"/>
        <line num="270" count="18" type="stmt"/>
        <line num="271" count="18" type="stmt"/>
        <line num="272" count="18" type="stmt"/>
        <line num="273" count="18" type="stmt"/>
        <line num="274" count="18" type="stmt"/>
        <line num="275" count="18" type="stmt"/>
        <line num="276" count="18" type="stmt"/>
        <line num="278" count="18" type="stmt"/>
        <line num="279" count="18" type="stmt"/>
        <line num="281" count="18" type="stmt"/>
        <line num="283" count="18" type="stmt"/>
      </file>
    </package>
  </project>
</coverage>
